Started GET "/" for ::1 at 2020-04-19 17:27:19 -0300
  
ActiveRecord::PendingMigrationError (

Migrations are pending. To resolve this issue, run:

        bin/rails db:migrate RAILS_ENV=development

):
  
activerecord (5.2.4.2) lib/active_record/migration.rb:579:in `check_pending!'
activerecord (5.2.4.2) lib/active_record/migration.rb:556:in `call'
actionpack (5.2.4.2) lib/action_dispatch/middleware/callbacks.rb:28:in `block in call'
activesupport (5.2.4.2) lib/active_support/callbacks.rb:98:in `run_callbacks'
actionpack (5.2.4.2) lib/action_dispatch/middleware/callbacks.rb:26:in `call'
actionpack (5.2.4.2) lib/action_dispatch/middleware/executor.rb:14:in `call'
actionpack (5.2.4.2) lib/action_dispatch/middleware/debug_exceptions.rb:61:in `call'
web-console (3.7.0) lib/web_console/middleware.rb:135:in `call_app'
web-console (3.7.0) lib/web_console/middleware.rb:30:in `block in call'
web-console (3.7.0) lib/web_console/middleware.rb:20:in `catch'
web-console (3.7.0) lib/web_console/middleware.rb:20:in `call'
actionpack (5.2.4.2) lib/action_dispatch/middleware/show_exceptions.rb:33:in `call'
railties (5.2.4.2) lib/rails/rack/logger.rb:38:in `call_app'
railties (5.2.4.2) lib/rails/rack/logger.rb:26:in `block in call'
activesupport (5.2.4.2) lib/active_support/tagged_logging.rb:71:in `block in tagged'
activesupport (5.2.4.2) lib/active_support/tagged_logging.rb:28:in `tagged'
activesupport (5.2.4.2) lib/active_support/tagged_logging.rb:71:in `tagged'
railties (5.2.4.2) lib/rails/rack/logger.rb:26:in `call'
sprockets-rails (3.2.1) lib/sprockets/rails/quiet_assets.rb:13:in `call'
actionpack (5.2.4.2) lib/action_dispatch/middleware/remote_ip.rb:81:in `call'
actionpack (5.2.4.2) lib/action_dispatch/middleware/request_id.rb:27:in `call'
rack (2.2.2) lib/rack/method_override.rb:24:in `call'
rack (2.2.2) lib/rack/runtime.rb:22:in `call'
activesupport (5.2.4.2) lib/active_support/cache/strategy/local_cache_middleware.rb:29:in `call'
actionpack (5.2.4.2) lib/action_dispatch/middleware/executor.rb:14:in `call'
actionpack (5.2.4.2) lib/action_dispatch/middleware/static.rb:127:in `call'
rack (2.2.2) lib/rack/sendfile.rb:110:in `call'
webpacker (5.1.0) lib/webpacker/dev_server_proxy.rb:25:in `perform_request'
rack-proxy (0.6.5) lib/rack/proxy.rb:57:in `call'
railties (5.2.4.2) lib/rails/engine.rb:524:in `call'
puma (3.12.4) lib/puma/configuration.rb:227:in `call'
puma (3.12.4) lib/puma/server.rb:675:in `handle_request'
puma (3.12.4) lib/puma/server.rb:476:in `process_client'
puma (3.12.4) lib/puma/server.rb:334:in `block in run'
puma (3.12.4) lib/puma/thread_pool.rb:135:in `block in spawn_thread'
  [1m[35m (0.1ms)[0m  [1m[34mSELECT sqlite_version(*)[0m
  ↳ bin/rails:9
  [1m[35m (13.5ms)[0m  [1m[35mCREATE TABLE "schema_migrations" ("version" varchar NOT NULL PRIMARY KEY)[0m
  ↳ bin/rails:9
  [1m[35m (11.5ms)[0m  [1m[35mCREATE TABLE "ar_internal_metadata" ("key" varchar NOT NULL PRIMARY KEY, "value" varchar, "created_at" datetime NOT NULL, "updated_at" datetime NOT NULL)[0m
  ↳ bin/rails:9
  [1m[35m (0.1ms)[0m  [1m[34mSELECT "schema_migrations"."version" FROM "schema_migrations" ORDER BY "schema_migrations"."version" ASC[0m
  ↳ bin/rails:9
Migrating to CreateCoins (20180715174524)
  [1m[35m (0.1ms)[0m  [1m[36mbegin transaction[0m
  ↳ bin/rails:9
  [1m[35m (0.3ms)[0m  [1m[35mCREATE TABLE "coins" ("id" integer PRIMARY KEY AUTOINCREMENT NOT NULL, "description" varchar, "acronym" varchar, "url_image" varchar, "created_at" datetime NOT NULL, "updated_at" datetime NOT NULL)[0m
  ↳ db/migrate/20180715174524_create_coins.rb:3
  [1m[36mActiveRecord::SchemaMigration Create (0.1ms)[0m  [1m[32mINSERT INTO "schema_migrations" ("version") VALUES (?)[0m  [["version", "20180715174524"]]
  ↳ bin/rails:9
  [1m[35m (11.0ms)[0m  [1m[36mcommit transaction[0m
  ↳ bin/rails:9
Migrating to CreateMiningTypes (20180822224158)
  [1m[35m (0.1ms)[0m  [1m[36mbegin transaction[0m
  ↳ bin/rails:9
  [1m[35m (0.3ms)[0m  [1m[35mCREATE TABLE "mining_types" ("id" integer PRIMARY KEY AUTOINCREMENT NOT NULL, "description" varchar, "acronym" varchar, "created_at" datetime NOT NULL, "updated_at" datetime NOT NULL)[0m
  ↳ db/migrate/20180822224158_create_mining_types.rb:3
  [1m[36mActiveRecord::SchemaMigration Create (0.1ms)[0m  [1m[32mINSERT INTO "schema_migrations" ("version") VALUES (?)[0m  [["version", "20180822224158"]]
  ↳ bin/rails:9
  [1m[35m (7.6ms)[0m  [1m[36mcommit transaction[0m
  ↳ bin/rails:9
Migrating to AddMiningTypeToCoins (20180824230643)
  [1m[35m (0.1ms)[0m  [1m[36mbegin transaction[0m
  ↳ bin/rails:9
  [1m[35m (0.2ms)[0m  [1m[35mALTER TABLE "coins" ADD "mining_type_id" integer[0m
  ↳ db/migrate/20180824230643_add_mining_type_to_coins.rb:3
  [1m[35m (0.1ms)[0m  [1m[35mCREATE  INDEX "index_coins_on_mining_type_id" ON "coins" ("mining_type_id")[0m
  ↳ db/migrate/20180824230643_add_mining_type_to_coins.rb:3
  [1m[36mActiveRecord::SchemaMigration Create (0.1ms)[0m  [1m[32mINSERT INTO "schema_migrations" ("version") VALUES (?)[0m  [["version", "20180824230643"]]
  ↳ bin/rails:9
  [1m[35m (9.7ms)[0m  [1m[36mcommit transaction[0m
  ↳ bin/rails:9
  [1m[36mActiveRecord::InternalMetadata Load (0.4ms)[0m  [1m[34mSELECT  "ar_internal_metadata".* FROM "ar_internal_metadata" WHERE "ar_internal_metadata"."key" = ? LIMIT ?[0m  [["key", "environment"], ["LIMIT", 1]]
  ↳ bin/rails:9
  [1m[35m (0.1ms)[0m  [1m[36mbegin transaction[0m
  ↳ bin/rails:9
  [1m[36mActiveRecord::InternalMetadata Create (0.6ms)[0m  [1m[32mINSERT INTO "ar_internal_metadata" ("key", "value", "created_at", "updated_at") VALUES (?, ?, ?, ?)[0m  [["key", "environment"], ["value", "development"], ["created_at", "2020-04-19 20:27:44.906418"], ["updated_at", "2020-04-19 20:27:44.906418"]]
  ↳ bin/rails:9
  [1m[35m (10.7ms)[0m  [1m[36mcommit transaction[0m
  ↳ bin/rails:9
  [1m[35m (0.3ms)[0m  [1m[34mSELECT "schema_migrations"."version" FROM "schema_migrations" ORDER BY "schema_migrations"."version" ASC[0m
  ↳ bin/rails:9
  [1m[36mMiningType Load (0.1ms)[0m  [1m[34mSELECT  "mining_types".* FROM "mining_types" WHERE "mining_types"."description" = ? AND "mining_types"."acronym" = ? LIMIT ?[0m  [["description", "Proof of Work"], ["acronym", "PoW"], ["LIMIT", 1]]
  ↳ lib/tasks/dev.rake:67
  [1m[35m (0.0ms)[0m  [1m[36mbegin transaction[0m
  ↳ lib/tasks/dev.rake:67
  [1m[36mMiningType Create (0.3ms)[0m  [1m[32mINSERT INTO "mining_types" ("description", "acronym", "created_at", "updated_at") VALUES (?, ?, ?, ?)[0m  [["description", "Proof of Work"], ["acronym", "PoW"], ["created_at", "2020-04-19 20:27:45.753824"], ["updated_at", "2020-04-19 20:27:45.753824"]]
  ↳ lib/tasks/dev.rake:67
  [1m[35m (5.8ms)[0m  [1m[36mcommit transaction[0m
  ↳ lib/tasks/dev.rake:67
  [1m[36mMiningType Load (0.1ms)[0m  [1m[34mSELECT  "mining_types".* FROM "mining_types" WHERE "mining_types"."description" = ? AND "mining_types"."acronym" = ? LIMIT ?[0m  [["description", "Proof of Stake"], ["acronym", "PoS"], ["LIMIT", 1]]
  ↳ lib/tasks/dev.rake:67
  [1m[35m (0.0ms)[0m  [1m[36mbegin transaction[0m
  ↳ lib/tasks/dev.rake:67
  [1m[36mMiningType Create (0.2ms)[0m  [1m[32mINSERT INTO "mining_types" ("description", "acronym", "created_at", "updated_at") VALUES (?, ?, ?, ?)[0m  [["description", "Proof of Stake"], ["acronym", "PoS"], ["created_at", "2020-04-19 20:27:45.763423"], ["updated_at", "2020-04-19 20:27:45.763423"]]
  ↳ lib/tasks/dev.rake:67
  [1m[35m (6.3ms)[0m  [1m[36mcommit transaction[0m
  ↳ lib/tasks/dev.rake:67
  [1m[36mMiningType Load (0.1ms)[0m  [1m[34mSELECT  "mining_types".* FROM "mining_types" WHERE "mining_types"."description" = ? AND "mining_types"."acronym" = ? LIMIT ?[0m  [["description", "Proof of Capacity"], ["acronym", "PoC"], ["LIMIT", 1]]
  ↳ lib/tasks/dev.rake:67
  [1m[35m (0.0ms)[0m  [1m[36mbegin transaction[0m
  ↳ lib/tasks/dev.rake:67
  [1m[36mMiningType Create (0.2ms)[0m  [1m[32mINSERT INTO "mining_types" ("description", "acronym", "created_at", "updated_at") VALUES (?, ?, ?, ?)[0m  [["description", "Proof of Capacity"], ["acronym", "PoC"], ["created_at", "2020-04-19 20:27:45.772182"], ["updated_at", "2020-04-19 20:27:45.772182"]]
  ↳ lib/tasks/dev.rake:67
  [1m[35m (4.8ms)[0m  [1m[36mcommit transaction[0m
  ↳ lib/tasks/dev.rake:67
  [1m[36mMiningType Load (0.1ms)[0m  [1m[34mSELECT  "mining_types".* FROM "mining_types" WHERE "mining_types"."acronym" = ? LIMIT ?[0m  [["acronym", "PoW"], ["LIMIT", 1]]
  ↳ lib/tasks/dev.rake:23
  [1m[36mMiningType Load (0.2ms)[0m  [1m[34mSELECT "mining_types".* FROM "mining_types"[0m
  ↳ lib/tasks/dev.rake:29
  [1m[36mMiningType Load (0.1ms)[0m  [1m[34mSELECT "mining_types".* FROM "mining_types"[0m
  ↳ lib/tasks/dev.rake:35
  [1m[36mMiningType Load (0.0ms)[0m  [1m[34mSELECT "mining_types".* FROM "mining_types"[0m
  ↳ lib/tasks/dev.rake:41
  [1m[36mMiningType Load (0.0ms)[0m  [1m[34mSELECT "mining_types".* FROM "mining_types"[0m
  ↳ lib/tasks/dev.rake:47
  [1m[36mCoin Load (0.1ms)[0m  [1m[34mSELECT  "coins".* FROM "coins" WHERE "coins"."description" = ? AND "coins"."acronym" = ? AND "coins"."url_image" = ? AND "coins"."mining_type_id" = ? LIMIT ?[0m  [["description", "Bitcoin"], ["acronym", "BTC"], ["url_image", "https://assets.chinatechnews.com/wp-content/uploads/bitcoin-logo.jpg"], ["mining_type_id", 1], ["LIMIT", 1]]
  ↳ lib/tasks/dev.rake:52
  [1m[35m (0.1ms)[0m  [1m[36mbegin transaction[0m
  ↳ lib/tasks/dev.rake:52
  [1m[36mCoin Create (0.2ms)[0m  [1m[32mINSERT INTO "coins" ("description", "acronym", "url_image", "created_at", "updated_at", "mining_type_id") VALUES (?, ?, ?, ?, ?, ?)[0m  [["description", "Bitcoin"], ["acronym", "BTC"], ["url_image", "https://assets.chinatechnews.com/wp-content/uploads/bitcoin-logo.jpg"], ["created_at", "2020-04-19 20:27:46.595613"], ["updated_at", "2020-04-19 20:27:46.595613"], ["mining_type_id", 1]]
  ↳ lib/tasks/dev.rake:52
  [1m[35m (6.8ms)[0m  [1m[36mcommit transaction[0m
  ↳ lib/tasks/dev.rake:52
  [1m[36mCoin Load (0.1ms)[0m  [1m[34mSELECT  "coins".* FROM "coins" WHERE "coins"."description" = ? AND "coins"."acronym" = ? AND "coins"."url_image" = ? AND "coins"."mining_type_id" = ? LIMIT ?[0m  [["description", "Ethereum"], ["acronym", "ETH"], ["url_image", "https://encrypted-tbn0.gstatic.com/images?q=tbn:ANd9GcQZCRfwkqpPvFb3QmmwGONG2i6PsgnqZ3L7dRzCNlaSTB1-ruu5"], ["mining_type_id", 3], ["LIMIT", 1]]
  ↳ lib/tasks/dev.rake:52
  [1m[35m (0.0ms)[0m  [1m[36mbegin transaction[0m
  ↳ lib/tasks/dev.rake:52
  [1m[36mCoin Create (0.2ms)[0m  [1m[32mINSERT INTO "coins" ("description", "acronym", "url_image", "created_at", "updated_at", "mining_type_id") VALUES (?, ?, ?, ?, ?, ?)[0m  [["description", "Ethereum"], ["acronym", "ETH"], ["url_image", "https://encrypted-tbn0.gstatic.com/images?q=tbn:ANd9GcQZCRfwkqpPvFb3QmmwGONG2i6PsgnqZ3L7dRzCNlaSTB1-ruu5"], ["created_at", "2020-04-19 20:27:46.606397"], ["updated_at", "2020-04-19 20:27:46.606397"], ["mining_type_id", 3]]
  ↳ lib/tasks/dev.rake:52
  [1m[35m (6.0ms)[0m  [1m[36mcommit transaction[0m
  ↳ lib/tasks/dev.rake:52
  [1m[36mCoin Load (0.1ms)[0m  [1m[34mSELECT  "coins".* FROM "coins" WHERE "coins"."description" = ? AND "coins"."acronym" = ? AND "coins"."url_image" = ? AND "coins"."mining_type_id" = ? LIMIT ?[0m  [["description", "Dash"], ["acronym", "DASH"], ["url_image", "https://ih1.redbubble.net/image.406055498.8711/ap,550x550,12x12,1,transparent,t.png"], ["mining_type_id", 2], ["LIMIT", 1]]
  ↳ lib/tasks/dev.rake:52
  [1m[35m (0.0ms)[0m  [1m[36mbegin transaction[0m
  ↳ lib/tasks/dev.rake:52
  [1m[36mCoin Create (0.2ms)[0m  [1m[32mINSERT INTO "coins" ("description", "acronym", "url_image", "created_at", "updated_at", "mining_type_id") VALUES (?, ?, ?, ?, ?, ?)[0m  [["description", "Dash"], ["acronym", "DASH"], ["url_image", "https://ih1.redbubble.net/image.406055498.8711/ap,550x550,12x12,1,transparent,t.png"], ["created_at", "2020-04-19 20:27:46.615862"], ["updated_at", "2020-04-19 20:27:46.615862"], ["mining_type_id", 2]]
  ↳ lib/tasks/dev.rake:52
  [1m[35m (4.6ms)[0m  [1m[36mcommit transaction[0m
  ↳ lib/tasks/dev.rake:52
  [1m[36mCoin Load (0.1ms)[0m  [1m[34mSELECT  "coins".* FROM "coins" WHERE "coins"."description" = ? AND "coins"."acronym" = ? AND "coins"."url_image" = ? AND "coins"."mining_type_id" = ? LIMIT ?[0m  [["description", "Iota"], ["acronym", "IOT"], ["url_image", "https://s2.coinmarketcap.com/static/img/coins/200x200/1720.png"], ["mining_type_id", 2], ["LIMIT", 1]]
  ↳ lib/tasks/dev.rake:52
  [1m[35m (0.0ms)[0m  [1m[36mbegin transaction[0m
  ↳ lib/tasks/dev.rake:52
  [1m[36mCoin Create (0.2ms)[0m  [1m[32mINSERT INTO "coins" ("description", "acronym", "url_image", "created_at", "updated_at", "mining_type_id") VALUES (?, ?, ?, ?, ?, ?)[0m  [["description", "Iota"], ["acronym", "IOT"], ["url_image", "https://s2.coinmarketcap.com/static/img/coins/200x200/1720.png"], ["created_at", "2020-04-19 20:27:46.623485"], ["updated_at", "2020-04-19 20:27:46.623485"], ["mining_type_id", 2]]
  ↳ lib/tasks/dev.rake:52
  [1m[35m (5.4ms)[0m  [1m[36mcommit transaction[0m
  ↳ lib/tasks/dev.rake:52
  [1m[36mCoin Load (0.1ms)[0m  [1m[34mSELECT  "coins".* FROM "coins" WHERE "coins"."description" = ? AND "coins"."acronym" = ? AND "coins"."url_image" = ? AND "coins"."mining_type_id" = ? LIMIT ?[0m  [["description", "ZCash"], ["acronym", "ZEC"], ["url_image", "https://www.cryptocompare.com/media/351360/zec.png"], ["mining_type_id", 2], ["LIMIT", 1]]
  ↳ lib/tasks/dev.rake:52
  [1m[35m (0.0ms)[0m  [1m[36mbegin transaction[0m
  ↳ lib/tasks/dev.rake:52
  [1m[36mCoin Create (0.2ms)[0m  [1m[32mINSERT INTO "coins" ("description", "acronym", "url_image", "created_at", "updated_at", "mining_type_id") VALUES (?, ?, ?, ?, ?, ?)[0m  [["description", "ZCash"], ["acronym", "ZEC"], ["url_image", "https://www.cryptocompare.com/media/351360/zec.png"], ["created_at", "2020-04-19 20:27:46.631845"], ["updated_at", "2020-04-19 20:27:46.631845"], ["mining_type_id", 2]]
  ↳ lib/tasks/dev.rake:52
  [1m[35m (6.8ms)[0m  [1m[36mcommit transaction[0m
  ↳ lib/tasks/dev.rake:52
Started GET "/" for ::1 at 2020-04-19 17:27:51 -0300
  [1m[35m (0.1ms)[0m  [1m[34mSELECT "schema_migrations"."version" FROM "schema_migrations" ORDER BY "schema_migrations"."version" ASC[0m
  ↳ /home/raphael/.rvm/gems/ruby-2.4.4/gems/activerecord-5.2.4.2/lib/active_record/log_subscriber.rb:98
Processing by WelcomeController#index as HTML
  Rendering welcome/index.html.erb within layouts/application
  Rendered welcome/_menu.html.erb (8.8ms)
  Rendered welcome/index.html.erb within layouts/application (363.9ms)
Completed 500 Internal Server Error in 526ms (ActiveRecord: 0.0ms)


  
ActionView::Template::Error (couldn't find file 'bootstrap/dist/css/bootstrap' with type 'text/css'
Checked in these paths: 
  /home/raphael/Área de Trabalho/curso-rails-5x-master/modulo_03/crypo_wallet/app/assets/config
  /home/raphael/Área de Trabalho/curso-rails-5x-master/modulo_03/crypo_wallet/app/assets/images
  /home/raphael/Área de Trabalho/curso-rails-5x-master/modulo_03/crypo_wallet/app/assets/javascripts
  /home/raphael/Área de Trabalho/curso-rails-5x-master/modulo_03/crypo_wallet/app/assets/stylesheets
  /home/raphael/Área de Trabalho/curso-rails-5x-master/modulo_03/crypo_wallet/lib/assets/images
  /home/raphael/.rvm/gems/ruby-2.4.4/gems/coffee-rails-4.2.2/lib/assets/javascripts
  /home/raphael/.rvm/gems/ruby-2.4.4/gems/actioncable-5.2.4.2/lib/assets/compiled
  /home/raphael/.rvm/gems/ruby-2.4.4/gems/activestorage-5.2.4.2/app/assets/javascripts
  /home/raphael/.rvm/gems/ruby-2.4.4/gems/actionview-5.2.4.2/lib/assets/compiled
  /home/raphael/.rvm/gems/ruby-2.4.4/gems/turbolinks-source-5.2.0/lib/assets/javascripts
  /home/raphael/Área de Trabalho/curso-rails-5x-master/modulo_03/crypo_wallet/node_modules):
     5:     <%= csrf_meta_tags %>
     6:     <%= csp_meta_tag %>
     7: 
     8:     <%= stylesheet_link_tag    'application', media: 'all', 'data-turbolinks-track': 'reload' %>
     9:     <%= stylesheet_link_tag    params[:controller], media: 'all', 'data-turbolinks-track': 'reload' %>
    10:    
    11:     <%= javascript_include_tag 'application', 'data-turbolinks-track': 'reload' %>
  
app/assets/stylesheets/application.css:14
app/views/layouts/application.html.erb:8:in `_app_views_layouts_application_html_erb___2633525273358454228_70099576110600'
Started GET "/" for ::1 at 2020-04-19 17:31:30 -0300
  [1m[35m (0.2ms)[0m  [1m[34mSELECT "schema_migrations"."version" FROM "schema_migrations" ORDER BY "schema_migrations"."version" ASC[0m
  ↳ /home/raphael/.rvm/gems/ruby-2.4.4/gems/activerecord-5.2.4.2/lib/active_record/log_subscriber.rb:98
Processing by WelcomeController#index as HTML
  Rendering welcome/index.html.erb within layouts/application
  Rendered welcome/_menu.html.erb (5.8ms)
  Rendered welcome/index.html.erb within layouts/application (37.6ms)
Completed 500 Internal Server Error in 221ms (ActiveRecord: 0.0ms)


  
ActionView::Template::Error (couldn't find file 'bootstrap/dist/css/bootstrap' with type 'text/css'
Checked in these paths: 
  /home/raphael/Área de Trabalho/curso-rails-5x-master/modulo_03/crypo_wallet/app/assets/config
  /home/raphael/Área de Trabalho/curso-rails-5x-master/modulo_03/crypo_wallet/app/assets/images
  /home/raphael/Área de Trabalho/curso-rails-5x-master/modulo_03/crypo_wallet/app/assets/javascripts
  /home/raphael/Área de Trabalho/curso-rails-5x-master/modulo_03/crypo_wallet/app/assets/stylesheets
  /home/raphael/Área de Trabalho/curso-rails-5x-master/modulo_03/crypo_wallet/lib/assets/images
  /home/raphael/.rvm/gems/ruby-2.4.4/gems/coffee-rails-4.2.2/lib/assets/javascripts
  /home/raphael/.rvm/gems/ruby-2.4.4/gems/actioncable-5.2.4.2/lib/assets/compiled
  /home/raphael/.rvm/gems/ruby-2.4.4/gems/activestorage-5.2.4.2/app/assets/javascripts
  /home/raphael/.rvm/gems/ruby-2.4.4/gems/actionview-5.2.4.2/lib/assets/compiled
  /home/raphael/.rvm/gems/ruby-2.4.4/gems/turbolinks-source-5.2.0/lib/assets/javascripts
  /home/raphael/Área de Trabalho/curso-rails-5x-master/modulo_03/crypo_wallet/node_modules):
     5:     <%= csrf_meta_tags %>
     6:     <%= csp_meta_tag %>
     7: 
     8:     <%= stylesheet_link_tag    'application', media: 'all', 'data-turbolinks-track': 'reload' %>
     9:     <%= stylesheet_link_tag    params[:controller], media: 'all', 'data-turbolinks-track': 'reload' %>
    10:    
    11:     <%= javascript_include_tag 'application', 'data-turbolinks-track': 'reload' %>
  
app/assets/stylesheets/application.css:14
app/views/layouts/application.html.erb:8:in `_app_views_layouts_application_html_erb___1684394197922933481_69812048515280'
Started GET "/" for ::1 at 2020-04-19 17:38:31 -0300
  [1m[35m (0.1ms)[0m  [1m[34mSELECT "schema_migrations"."version" FROM "schema_migrations" ORDER BY "schema_migrations"."version" ASC[0m
  ↳ /home/raphael/.rvm/gems/ruby-2.4.4/gems/activerecord-5.2.4.2/lib/active_record/log_subscriber.rb:98
Processing by WelcomeController#index as HTML
  Rendering welcome/index.html.erb within layouts/application
  Rendered welcome/_menu.html.erb (6.5ms)
  Rendered welcome/index.html.erb within layouts/application (34.5ms)
Completed 500 Internal Server Error in 203ms (ActiveRecord: 0.0ms)


  
ActionView::Template::Error (couldn't find file 'bootstrap/dist/css/bootstrap' with type 'text/css'
Checked in these paths: 
  /home/raphael/Área de Trabalho/curso-rails-5x-master/modulo_03/crypo_wallet/app/assets/config
  /home/raphael/Área de Trabalho/curso-rails-5x-master/modulo_03/crypo_wallet/app/assets/images
  /home/raphael/Área de Trabalho/curso-rails-5x-master/modulo_03/crypo_wallet/app/assets/javascripts
  /home/raphael/Área de Trabalho/curso-rails-5x-master/modulo_03/crypo_wallet/app/assets/stylesheets
  /home/raphael/Área de Trabalho/curso-rails-5x-master/modulo_03/crypo_wallet/lib/assets/images
  /home/raphael/.rvm/gems/ruby-2.4.4/gems/coffee-rails-4.2.2/lib/assets/javascripts
  /home/raphael/.rvm/gems/ruby-2.4.4/gems/actioncable-5.2.4.2/lib/assets/compiled
  /home/raphael/.rvm/gems/ruby-2.4.4/gems/activestorage-5.2.4.2/app/assets/javascripts
  /home/raphael/.rvm/gems/ruby-2.4.4/gems/actionview-5.2.4.2/lib/assets/compiled
  /home/raphael/.rvm/gems/ruby-2.4.4/gems/turbolinks-source-5.2.0/lib/assets/javascripts
  /home/raphael/Área de Trabalho/curso-rails-5x-master/modulo_03/crypo_wallet/node_modules):
     5:     <%= csrf_meta_tags %>
     6:     <%= csp_meta_tag %>
     7: 
     8:     <%= stylesheet_link_tag    'application', media: 'all', 'data-turbolinks-track': 'reload' %>
     9:     <%= stylesheet_link_tag    params[:controller], media: 'all', 'data-turbolinks-track': 'reload' %>
    10:    
    11:     <%= javascript_include_tag 'application', 'data-turbolinks-track': 'reload' %>
  
app/assets/stylesheets/application.css:14
app/views/layouts/application.html.erb:8:in `_app_views_layouts_application_html_erb___832570652348627611_69949850874260'
Started GET "/" for ::1 at 2020-04-19 17:46:56 -0300
  [1m[35m (0.1ms)[0m  [1m[34mSELECT "schema_migrations"."version" FROM "schema_migrations" ORDER BY "schema_migrations"."version" ASC[0m
  ↳ /home/raphael/.rvm/gems/ruby-2.4.4/gems/activerecord-5.2.4.2/lib/active_record/log_subscriber.rb:98
Processing by WelcomeController#index as HTML
  Rendering welcome/index.html.erb within layouts/application
  Rendered welcome/_menu.html.erb (4.5ms)
  Rendered welcome/index.html.erb within layouts/application (32.6ms)
Completed 500 Internal Server Error in 185ms (ActiveRecord: 0.0ms)


  
ActionView::Template::Error (couldn't find file 'bootstrap/dist/css/bootstrap' with type 'text/css'
Checked in these paths: 
  /home/raphael/Área de Trabalho/curso-rails-5x-master/modulo_03/crypo_wallet/app/assets/config
  /home/raphael/Área de Trabalho/curso-rails-5x-master/modulo_03/crypo_wallet/app/assets/images
  /home/raphael/Área de Trabalho/curso-rails-5x-master/modulo_03/crypo_wallet/app/assets/javascripts
  /home/raphael/Área de Trabalho/curso-rails-5x-master/modulo_03/crypo_wallet/app/assets/stylesheets
  /home/raphael/Área de Trabalho/curso-rails-5x-master/modulo_03/crypo_wallet/lib/assets/images
  /home/raphael/.rvm/gems/ruby-2.4.4/gems/coffee-rails-4.2.2/lib/assets/javascripts
  /home/raphael/.rvm/gems/ruby-2.4.4/gems/actioncable-5.2.4.2/lib/assets/compiled
  /home/raphael/.rvm/gems/ruby-2.4.4/gems/activestorage-5.2.4.2/app/assets/javascripts
  /home/raphael/.rvm/gems/ruby-2.4.4/gems/actionview-5.2.4.2/lib/assets/compiled
  /home/raphael/.rvm/gems/ruby-2.4.4/gems/turbolinks-source-5.2.0/lib/assets/javascripts
  /home/raphael/Área de Trabalho/curso-rails-5x-master/modulo_03/crypo_wallet/node_modules):
     5:     <%= csrf_meta_tags %>
     6:     <%= csp_meta_tag %>
     7: 
     8:     <%= stylesheet_link_tag    'application', media: 'all', 'data-turbolinks-track': 'reload' %>
     9:     <%= stylesheet_link_tag    params[:controller], media: 'all', 'data-turbolinks-track': 'reload' %>
    10:    
    11:     <%= javascript_include_tag 'application', 'data-turbolinks-track': 'reload' %>
  
app/assets/stylesheets/application.css:14
app/views/layouts/application.html.erb:8:in `_app_views_layouts_application_html_erb__4522480141248680250_47410869513400'
Started GET "/" for ::1 at 2020-04-19 17:48:08 -0300
Processing by WelcomeController#index as HTML
  Rendering welcome/index.html.erb within layouts/application
  Rendered welcome/_menu.html.erb (2.5ms)
  Rendered welcome/index.html.erb within layouts/application (6.8ms)
Completed 500 Internal Server Error in 524ms (ActiveRecord: 0.0ms)


  
ActionView::Template::Error (couldn't find file 'jquery' with type 'application/javascript'
Checked in these paths: 
  /home/raphael/Área de Trabalho/curso-rails-5x-master/modulo_03/crypo_wallet/app/assets/config
  /home/raphael/Área de Trabalho/curso-rails-5x-master/modulo_03/crypo_wallet/app/assets/images
  /home/raphael/Área de Trabalho/curso-rails-5x-master/modulo_03/crypo_wallet/app/assets/javascripts
  /home/raphael/Área de Trabalho/curso-rails-5x-master/modulo_03/crypo_wallet/app/assets/stylesheets
  /home/raphael/Área de Trabalho/curso-rails-5x-master/modulo_03/crypo_wallet/lib/assets/images
  /home/raphael/.rvm/gems/ruby-2.4.4/gems/coffee-rails-4.2.2/lib/assets/javascripts
  /home/raphael/.rvm/gems/ruby-2.4.4/gems/actioncable-5.2.4.2/lib/assets/compiled
  /home/raphael/.rvm/gems/ruby-2.4.4/gems/activestorage-5.2.4.2/app/assets/javascripts
  /home/raphael/.rvm/gems/ruby-2.4.4/gems/actionview-5.2.4.2/lib/assets/compiled
  /home/raphael/.rvm/gems/ruby-2.4.4/gems/turbolinks-source-5.2.0/lib/assets/javascripts
  /home/raphael/Área de Trabalho/curso-rails-5x-master/modulo_03/crypo_wallet/node_modules):
     5:     <%= csrf_meta_tags %>
     6:     <%= csp_meta_tag %>
     7: 
     8:     <%= stylesheet_link_tag    'application', media: 'all', 'data-turbolinks-track': 'reload' %>
     9:     <%= stylesheet_link_tag    params[:controller], media: 'all', 'data-turbolinks-track': 'reload' %>
    10:    
    11:     <%= javascript_include_tag 'application', 'data-turbolinks-track': 'reload' %>
  
app/assets/javascripts/application.js.erb:16
app/views/layouts/application.html.erb:8:in `_app_views_layouts_application_html_erb__4522480141248680250_69890803331140'
Started GET "/" for ::1 at 2020-04-19 17:48:30 -0300
Processing by WelcomeController#index as HTML
  Rendering welcome/index.html.erb within layouts/application
  Rendered welcome/_menu.html.erb (3.4ms)
  Rendered welcome/index.html.erb within layouts/application (7.3ms)
Completed 500 Internal Server Error in 22ms (ActiveRecord: 0.0ms)


  
ActionView::Template::Error (couldn't find file 'bootstrap/dist/css/bootstrap' with type 'text/css'
Checked in these paths: 
  /home/raphael/Área de Trabalho/curso-rails-5x-master/modulo_03/crypo_wallet/app/assets/config
  /home/raphael/Área de Trabalho/curso-rails-5x-master/modulo_03/crypo_wallet/app/assets/images
  /home/raphael/Área de Trabalho/curso-rails-5x-master/modulo_03/crypo_wallet/app/assets/javascripts
  /home/raphael/Área de Trabalho/curso-rails-5x-master/modulo_03/crypo_wallet/app/assets/stylesheets
  /home/raphael/Área de Trabalho/curso-rails-5x-master/modulo_03/crypo_wallet/lib/assets/images
  /home/raphael/.rvm/gems/ruby-2.4.4/gems/coffee-rails-4.2.2/lib/assets/javascripts
  /home/raphael/.rvm/gems/ruby-2.4.4/gems/actioncable-5.2.4.2/lib/assets/compiled
  /home/raphael/.rvm/gems/ruby-2.4.4/gems/activestorage-5.2.4.2/app/assets/javascripts
  /home/raphael/.rvm/gems/ruby-2.4.4/gems/actionview-5.2.4.2/lib/assets/compiled
  /home/raphael/.rvm/gems/ruby-2.4.4/gems/turbolinks-source-5.2.0/lib/assets/javascripts
  /home/raphael/Área de Trabalho/curso-rails-5x-master/modulo_03/crypo_wallet/node_modules):
     5:     <%= csrf_meta_tags %>
     6:     <%= csp_meta_tag %>
     7: 
     8:     <%= stylesheet_link_tag    'application', media: 'all', 'data-turbolinks-track': 'reload' %>
     9:     <%= stylesheet_link_tag    params[:controller], media: 'all', 'data-turbolinks-track': 'reload' %>
    10:    
    11:     <%= javascript_include_tag 'application', 'data-turbolinks-track': 'reload' %>
  
app/assets/stylesheets/application.css:14
app/views/layouts/application.html.erb:8:in `_app_views_layouts_application_html_erb__4522480141248680250_69890813362580'
Started GET "/" for ::1 at 2020-04-19 17:48:38 -0300
Processing by WelcomeController#index as HTML
  Rendering welcome/index.html.erb within layouts/application
  Rendered welcome/_menu.html.erb (1.4ms)
  Rendered welcome/index.html.erb within layouts/application (5.6ms)
Completed 500 Internal Server Error in 18ms (ActiveRecord: 0.0ms)


  
ActionView::Template::Error (couldn't find file 'bootstrap/dist/css/bootstrap' with type 'text/css'
Checked in these paths: 
  /home/raphael/Área de Trabalho/curso-rails-5x-master/modulo_03/crypo_wallet/app/assets/config
  /home/raphael/Área de Trabalho/curso-rails-5x-master/modulo_03/crypo_wallet/app/assets/images
  /home/raphael/Área de Trabalho/curso-rails-5x-master/modulo_03/crypo_wallet/app/assets/javascripts
  /home/raphael/Área de Trabalho/curso-rails-5x-master/modulo_03/crypo_wallet/app/assets/stylesheets
  /home/raphael/Área de Trabalho/curso-rails-5x-master/modulo_03/crypo_wallet/lib/assets/images
  /home/raphael/.rvm/gems/ruby-2.4.4/gems/coffee-rails-4.2.2/lib/assets/javascripts
  /home/raphael/.rvm/gems/ruby-2.4.4/gems/actioncable-5.2.4.2/lib/assets/compiled
  /home/raphael/.rvm/gems/ruby-2.4.4/gems/activestorage-5.2.4.2/app/assets/javascripts
  /home/raphael/.rvm/gems/ruby-2.4.4/gems/actionview-5.2.4.2/lib/assets/compiled
  /home/raphael/.rvm/gems/ruby-2.4.4/gems/turbolinks-source-5.2.0/lib/assets/javascripts
  /home/raphael/Área de Trabalho/curso-rails-5x-master/modulo_03/crypo_wallet/node_modules):
     5:     <%= csrf_meta_tags %>
     6:     <%= csp_meta_tag %>
     7: 
     8:     <%= stylesheet_link_tag    'application', media: 'all', 'data-turbolinks-track': 'reload' %>
     9:     <%= stylesheet_link_tag    params[:controller], media: 'all', 'data-turbolinks-track': 'reload' %>
    10:    
    11:     <%= javascript_include_tag 'application', 'data-turbolinks-track': 'reload' %>
  
app/assets/stylesheets/application.css:14
app/views/layouts/application.html.erb:8:in `_app_views_layouts_application_html_erb__4522480141248680250_69890809355300'
Started GET "/" for ::1 at 2020-04-19 17:48:41 -0300
Processing by WelcomeController#index as HTML
  Rendering welcome/index.html.erb within layouts/application
  Rendered welcome/_menu.html.erb (1.5ms)
  Rendered welcome/index.html.erb within layouts/application (3.8ms)
Completed 500 Internal Server Error in 15ms (ActiveRecord: 0.0ms)


  
ActionView::Template::Error (couldn't find file 'bootstrap/dist/css/bootstrap' with type 'text/css'
Checked in these paths: 
  /home/raphael/Área de Trabalho/curso-rails-5x-master/modulo_03/crypo_wallet/app/assets/config
  /home/raphael/Área de Trabalho/curso-rails-5x-master/modulo_03/crypo_wallet/app/assets/images
  /home/raphael/Área de Trabalho/curso-rails-5x-master/modulo_03/crypo_wallet/app/assets/javascripts
  /home/raphael/Área de Trabalho/curso-rails-5x-master/modulo_03/crypo_wallet/app/assets/stylesheets
  /home/raphael/Área de Trabalho/curso-rails-5x-master/modulo_03/crypo_wallet/lib/assets/images
  /home/raphael/.rvm/gems/ruby-2.4.4/gems/coffee-rails-4.2.2/lib/assets/javascripts
  /home/raphael/.rvm/gems/ruby-2.4.4/gems/actioncable-5.2.4.2/lib/assets/compiled
  /home/raphael/.rvm/gems/ruby-2.4.4/gems/activestorage-5.2.4.2/app/assets/javascripts
  /home/raphael/.rvm/gems/ruby-2.4.4/gems/actionview-5.2.4.2/lib/assets/compiled
  /home/raphael/.rvm/gems/ruby-2.4.4/gems/turbolinks-source-5.2.0/lib/assets/javascripts
  /home/raphael/Área de Trabalho/curso-rails-5x-master/modulo_03/crypo_wallet/node_modules):
     5:     <%= csrf_meta_tags %>
     6:     <%= csp_meta_tag %>
     7: 
     8:     <%= stylesheet_link_tag    'application', media: 'all', 'data-turbolinks-track': 'reload' %>
     9:     <%= stylesheet_link_tag    params[:controller], media: 'all', 'data-turbolinks-track': 'reload' %>
    10:    
    11:     <%= javascript_include_tag 'application', 'data-turbolinks-track': 'reload' %>
  
app/assets/stylesheets/application.css:14
app/views/layouts/application.html.erb:8:in `_app_views_layouts_application_html_erb__4522480141248680250_69890812865140'
Started GET "/" for ::1 at 2020-04-19 17:50:04 -0300
  [1m[35m (0.1ms)[0m  [1m[34mSELECT "schema_migrations"."version" FROM "schema_migrations" ORDER BY "schema_migrations"."version" ASC[0m
  ↳ /home/raphael/.rvm/gems/ruby-2.4.4/gems/activerecord-5.2.4.2/lib/active_record/log_subscriber.rb:98
Processing by WelcomeController#index as HTML
  Rendering welcome/index.html.erb within layouts/application
  Rendered welcome/_menu.html.erb (4.6ms)
  Rendered welcome/index.html.erb within layouts/application (31.3ms)
Completed 500 Internal Server Error in 172ms (ActiveRecord: 0.0ms)


  
ActionView::Template::Error (couldn't find file 'bootstrap/dist/css/bootstrap' with type 'text/css'
Checked in these paths: 
  /home/raphael/Área de Trabalho/curso-rails-5x-master/modulo_03/crypo_wallet/app/assets/config
  /home/raphael/Área de Trabalho/curso-rails-5x-master/modulo_03/crypo_wallet/app/assets/images
  /home/raphael/Área de Trabalho/curso-rails-5x-master/modulo_03/crypo_wallet/app/assets/javascripts
  /home/raphael/Área de Trabalho/curso-rails-5x-master/modulo_03/crypo_wallet/app/assets/stylesheets
  /home/raphael/Área de Trabalho/curso-rails-5x-master/modulo_03/crypo_wallet/lib/assets/images
  /home/raphael/.rvm/gems/ruby-2.4.4/gems/coffee-rails-4.2.2/lib/assets/javascripts
  /home/raphael/.rvm/gems/ruby-2.4.4/gems/actioncable-5.2.4.2/lib/assets/compiled
  /home/raphael/.rvm/gems/ruby-2.4.4/gems/activestorage-5.2.4.2/app/assets/javascripts
  /home/raphael/.rvm/gems/ruby-2.4.4/gems/actionview-5.2.4.2/lib/assets/compiled
  /home/raphael/.rvm/gems/ruby-2.4.4/gems/turbolinks-source-5.2.0/lib/assets/javascripts
  /home/raphael/Área de Trabalho/curso-rails-5x-master/modulo_03/crypo_wallet/node_modules):
     5:     <%= csrf_meta_tags %>
     6:     <%= csp_meta_tag %>
     7: 
     8:     <%= stylesheet_link_tag    'application', media: 'all', 'data-turbolinks-track': 'reload' %>
     9:     <%= stylesheet_link_tag    params[:controller], media: 'all', 'data-turbolinks-track': 'reload' %>
    10:    
    11:     <%= javascript_include_tag 'application', 'data-turbolinks-track': 'reload' %>
  
app/assets/stylesheets/application.css:14
app/views/layouts/application.html.erb:8:in `_app_views_layouts_application_html_erb___3421270069149847729_70149438016340'
Started GET "/" for ::1 at 2020-04-19 17:52:24 -0300
  [1m[35m (0.2ms)[0m  [1m[34mSELECT "schema_migrations"."version" FROM "schema_migrations" ORDER BY "schema_migrations"."version" ASC[0m
  ↳ /home/raphael/.rvm/gems/ruby-2.4.4/gems/activerecord-5.2.4.2/lib/active_record/log_subscriber.rb:98
Processing by WelcomeController#index as HTML
  Rendering welcome/index.html.erb within layouts/application
  Rendered welcome/_menu.html.erb (7.1ms)
  Rendered welcome/index.html.erb within layouts/application (35.4ms)
Completed 200 OK in 1396ms (Views: 1391.4ms | ActiveRecord: 0.0ms)


Started GET "/" for ::1 at 2020-04-19 17:52:34 -0300
Processing by WelcomeController#index as HTML
  Rendering welcome/index.html.erb within layouts/application
  Rendered welcome/_menu.html.erb (2.1ms)
  Rendered welcome/index.html.erb within layouts/application (4.9ms)
Completed 200 OK in 42ms (Views: 37.2ms | ActiveRecord: 0.0ms)


Started GET "/coins" for ::1 at 2020-04-19 17:52:35 -0300
Processing by CoinsController#index as HTML
  Rendering coins/index.html.erb within layouts/application
  [1m[35m (0.2ms)[0m  [1m[34mSELECT COUNT(*) FROM "coins"[0m
  ↳ app/views/coins/index.html.erb:3
  [1m[36mCoin Load (0.3ms)[0m  [1m[34mSELECT "coins".* FROM "coins"[0m
  ↳ app/views/coins/index.html.erb:15
  Rendered coins/index.html.erb within layouts/application (20.3ms)
Completed 200 OK in 64ms (Views: 57.9ms | ActiveRecord: 1.5ms)


Started GET "/coins" for ::1 at 2020-04-19 17:52:35 -0300
Processing by CoinsController#index as HTML
  Rendering coins/index.html.erb within layouts/application
  [1m[35m (0.1ms)[0m  [1m[34mSELECT COUNT(*) FROM "coins"[0m
  ↳ app/views/coins/index.html.erb:3
  [1m[36mCoin Load (0.1ms)[0m  [1m[34mSELECT "coins".* FROM "coins"[0m
  ↳ app/views/coins/index.html.erb:15
  Rendered coins/index.html.erb within layouts/application (5.9ms)
Completed 200 OK in 37ms (Views: 35.4ms | ActiveRecord: 0.2ms)


Started GET "/coins/new" for ::1 at 2020-04-19 17:52:40 -0300
Processing by CoinsController#new as HTML
  [1m[35m (0.4ms)[0m  [1m[34mSELECT "mining_types"."description", "mining_types"."id" FROM "mining_types"[0m
  ↳ app/controllers/coins_controller.rb:69
  Rendering coins/new.html.erb within layouts/application
  Rendered coins/_form.html.erb (19.0ms)
  Rendered coins/new.html.erb within layouts/application (22.6ms)
Completed 200 OK in 86ms (Views: 73.2ms | ActiveRecord: 1.7ms)


Started POST "/coins" for ::1 at 2020-04-19 17:52:42 -0300
Processing by CoinsController#create as HTML
  Parameters: {"utf8"=>"✓", "authenticity_token"=>"1o6T4pJ0Kl7u0BsaLjgIxebuBYvRDv+8vsBBS05N9xWDWuFxATTL1o0icmcolyiXYqDkXhFXjuG/pChgrctGuQ==", "coin"=>{"description"=>"", "acronym"=>"", "url_image"=>"", "mining_type_id"=>""}, "commit"=>"Criar Moeda"}
  [1m[35m (0.1ms)[0m  [1m[34mSELECT "mining_types"."description", "mining_types"."id" FROM "mining_types"[0m
  ↳ app/controllers/coins_controller.rb:69
  [1m[35m (0.1ms)[0m  [1m[36mbegin transaction[0m
  ↳ app/controllers/coins_controller.rb:33
  [1m[35m (0.1ms)[0m  [1m[31mrollback transaction[0m
  ↳ app/controllers/coins_controller.rb:33
  Rendering coins/new.html.erb within layouts/application
  Rendered coins/_form.html.erb (4.2ms)
  Rendered coins/new.html.erb within layouts/application (6.2ms)
Completed 200 OK in 53ms (Views: 45.4ms | ActiveRecord: 0.3ms)


Started POST "/coins" for ::1 at 2020-04-19 17:52:45 -0300
Processing by CoinsController#create as HTML
  Parameters: {"utf8"=>"✓", "authenticity_token"=>"gFbOjHI9yhY4eA/2k0Wlf2KrO+7Yr7dlCkB0U6mQ1u9km6o8ejpBjb3G5eMtruUxh+f2xOZgtt4qQdyAr3bkrg==", "coin"=>{"description"=>"", "acronym"=>"", "url_image"=>"", "mining_type_id"=>""}, "commit"=>"Criar Moeda"}
  [1m[35m (0.3ms)[0m  [1m[34mSELECT "mining_types"."description", "mining_types"."id" FROM "mining_types"[0m
  ↳ app/controllers/coins_controller.rb:69
  [1m[35m (0.1ms)[0m  [1m[36mbegin transaction[0m
  ↳ app/controllers/coins_controller.rb:33
  [1m[35m (0.2ms)[0m  [1m[31mrollback transaction[0m
  ↳ app/controllers/coins_controller.rb:33
  Rendering coins/new.html.erb within layouts/application
  Rendered coins/_form.html.erb (3.9ms)
  Rendered coins/new.html.erb within layouts/application (5.8ms)
Completed 200 OK in 55ms (Views: 44.7ms | ActiveRecord: 0.6ms)


Started POST "/coins" for ::1 at 2020-04-19 17:52:47 -0300
Processing by CoinsController#create as HTML
  Parameters: {"utf8"=>"✓", "authenticity_token"=>"uXjZ1d//shvZCr7XRPKW3SrV3aqtHCOTdNPvGKBbVtBdtb1l1/g5gFy0VML6GdaTz5kQgJPTIihU0kfLpr1kkQ==", "coin"=>{"description"=>"", "acronym"=>"", "url_image"=>"", "mining_type_id"=>"1"}, "commit"=>"Criar Moeda"}
  [1m[35m (0.1ms)[0m  [1m[34mSELECT "mining_types"."description", "mining_types"."id" FROM "mining_types"[0m
  ↳ app/controllers/coins_controller.rb:69
  [1m[35m (0.1ms)[0m  [1m[36mbegin transaction[0m
  ↳ app/controllers/coins_controller.rb:33
  [1m[36mMiningType Load (0.2ms)[0m  [1m[34mSELECT  "mining_types".* FROM "mining_types" WHERE "mining_types"."id" = ? LIMIT ?[0m  [["id", 1], ["LIMIT", 1]]
  ↳ app/controllers/coins_controller.rb:33
  [1m[36mCoin Create (1.0ms)[0m  [1m[32mINSERT INTO "coins" ("description", "acronym", "url_image", "created_at", "updated_at", "mining_type_id") VALUES (?, ?, ?, ?, ?, ?)[0m  [["description", ""], ["acronym", ""], ["url_image", ""], ["created_at", "2020-04-19 20:52:47.885435"], ["updated_at", "2020-04-19 20:52:47.885435"], ["mining_type_id", 1]]
  ↳ app/controllers/coins_controller.rb:33
  [1m[35m (11.3ms)[0m  [1m[36mcommit transaction[0m
  ↳ app/controllers/coins_controller.rb:33
Redirected to http://localhost:3000/coins/6
Completed 302 Found in 33ms (ActiveRecord: 13.5ms)


Started GET "/coins/6" for ::1 at 2020-04-19 17:52:47 -0300
Processing by CoinsController#show as HTML
  Parameters: {"id"=>"6"}
  [1m[36mCoin Load (0.2ms)[0m  [1m[34mSELECT  "coins".* FROM "coins" WHERE "coins"."id" = ? LIMIT ?[0m  [["id", 6], ["LIMIT", 1]]
  ↳ app/controllers/coins_controller.rb:74
  Rendering coins/show.html.erb within layouts/application
  [1m[36mMiningType Load (0.1ms)[0m  [1m[34mSELECT  "mining_types".* FROM "mining_types" WHERE "mining_types"."id" = ? LIMIT ?[0m  [["id", 1], ["LIMIT", 1]]
  ↳ app/views/coins/show.html.erb:22
  Rendered coins/show.html.erb within layouts/application (4.0ms)
Completed 200 OK in 52ms (Views: 49.2ms | ActiveRecord: 0.3ms)


Started GET "/coins" for ::1 at 2020-04-19 17:52:50 -0300
Processing by CoinsController#index as HTML
  Rendering coins/index.html.erb within layouts/application
  [1m[35m (0.4ms)[0m  [1m[34mSELECT COUNT(*) FROM "coins"[0m
  ↳ app/views/coins/index.html.erb:3
  [1m[36mCoin Load (0.4ms)[0m  [1m[34mSELECT "coins".* FROM "coins"[0m
  ↳ app/views/coins/index.html.erb:15
  Rendered coins/index.html.erb within layouts/application (17.0ms)
Completed 200 OK in 73ms (Views: 68.7ms | ActiveRecord: 0.8ms)


Started DELETE "/coins/6" for ::1 at 2020-04-19 17:52:53 -0300
Processing by CoinsController#destroy as HTML
  Parameters: {"authenticity_token"=>"vi7+ZVka5k+yc2eU/N8WhtN8zA3ptrUYqU10pYjWW1Ra45rVUR1t1DfNjYFCNFbINjABJ9d5tKOJTNx2jjBpFQ==", "id"=>"6"}
  [1m[36mCoin Load (0.2ms)[0m  [1m[34mSELECT  "coins".* FROM "coins" WHERE "coins"."id" = ? LIMIT ?[0m  [["id", 6], ["LIMIT", 1]]
  ↳ app/controllers/coins_controller.rb:74
  [1m[35m (0.1ms)[0m  [1m[36mbegin transaction[0m
  ↳ app/controllers/coins_controller.rb:60
  [1m[36mCoin Destroy (0.6ms)[0m  [1m[31mDELETE FROM "coins" WHERE "coins"."id" = ?[0m  [["id", 6]]
  ↳ app/controllers/coins_controller.rb:60
  [1m[35m (7.4ms)[0m  [1m[36mcommit transaction[0m
  ↳ app/controllers/coins_controller.rb:60
Redirected to http://localhost:3000/coins
Completed 302 Found in 16ms (ActiveRecord: 8.3ms)


Started GET "/coins" for ::1 at 2020-04-19 17:52:54 -0300
Processing by CoinsController#index as HTML
  Rendering coins/index.html.erb within layouts/application
  [1m[35m (0.2ms)[0m  [1m[34mSELECT COUNT(*) FROM "coins"[0m
  ↳ app/views/coins/index.html.erb:3
  [1m[36mCoin Load (0.1ms)[0m  [1m[34mSELECT "coins".* FROM "coins"[0m
  ↳ app/views/coins/index.html.erb:15
  Rendered coins/index.html.erb within layouts/application (6.6ms)
Completed 200 OK in 50ms (Views: 47.9ms | ActiveRecord: 0.3ms)


Started GET "/" for ::1 at 2020-04-19 17:52:56 -0300
Processing by WelcomeController#index as HTML
  Rendering welcome/index.html.erb within layouts/application
  Rendered welcome/_menu.html.erb (1.3ms)
  Rendered welcome/index.html.erb within layouts/application (4.0ms)
Completed 200 OK in 45ms (Views: 41.1ms | ActiveRecord: 0.0ms)


Started GET "/" for ::1 at 2020-04-19 17:52:56 -0300
Processing by WelcomeController#index as HTML
  Rendering welcome/index.html.erb within layouts/application
  Rendered welcome/_menu.html.erb (0.8ms)
  Rendered welcome/index.html.erb within layouts/application (1.9ms)
Completed 200 OK in 32ms (Views: 30.7ms | ActiveRecord: 0.0ms)


Started GET "/mining_types" for ::1 at 2020-04-19 17:52:57 -0300
Processing by MiningTypesController#index as HTML
  Rendering mining_types/index.html.erb within layouts/application
  [1m[35m (0.2ms)[0m  [1m[34mSELECT COUNT(*) FROM "mining_types"[0m
  ↳ app/views/mining_types/index.html.erb:3
  [1m[36mMiningType Load (0.3ms)[0m  [1m[34mSELECT "mining_types".* FROM "mining_types"[0m
  ↳ app/views/mining_types/index.html.erb:15
  Rendered mining_types/index.html.erb within layouts/application (6.8ms)
Completed 200 OK in 62ms (Views: 59.3ms | ActiveRecord: 0.5ms)


Started GET "/mining_types" for ::1 at 2020-04-19 17:52:57 -0300
Processing by MiningTypesController#index as HTML
  Rendering mining_types/index.html.erb within layouts/application
  [1m[35m (0.1ms)[0m  [1m[34mSELECT COUNT(*) FROM "mining_types"[0m
  ↳ app/views/mining_types/index.html.erb:3
  [1m[36mMiningType Load (0.1ms)[0m  [1m[34mSELECT "mining_types".* FROM "mining_types"[0m
  ↳ app/views/mining_types/index.html.erb:15
  Rendered mining_types/index.html.erb within layouts/application (4.7ms)
Completed 200 OK in 36ms (Views: 35.0ms | ActiveRecord: 0.2ms)


Started GET "/mining_types/new" for ::1 at 2020-04-19 17:52:59 -0300
Processing by MiningTypesController#new as HTML
  Rendering mining_types/new.html.erb within layouts/application
  Rendered mining_types/_form.html.erb (4.8ms)
  Rendered mining_types/new.html.erb within layouts/application (7.0ms)
Completed 200 OK in 49ms (Views: 44.9ms | ActiveRecord: 0.0ms)


Started POST "/mining_types" for ::1 at 2020-04-19 17:53:01 -0300
Processing by MiningTypesController#create as HTML
  Parameters: {"utf8"=>"✓", "authenticity_token"=>"5GYCWfpSD7yWbWDjmuQOjNMyA82+rUEEA4eV+jNPO+7MNvirqxaTrGdakVgZ4c/0Q9Iqq5O2wsY7fGriugpvpA==", "mining_type"=>{"description"=>"", "acronym"=>""}, "commit"=>"Criar Tipo de Mineração"}
  [1m[35m (0.2ms)[0m  [1m[36mbegin transaction[0m
  ↳ app/controllers/mining_types_controller.rb:30
  [1m[36mMiningType Create (1.0ms)[0m  [1m[32mINSERT INTO "mining_types" ("description", "acronym", "created_at", "updated_at") VALUES (?, ?, ?, ?)[0m  [["description", ""], ["acronym", ""], ["created_at", "2020-04-19 20:53:01.399268"], ["updated_at", "2020-04-19 20:53:01.399268"]]
  ↳ app/controllers/mining_types_controller.rb:30
  [1m[35m (8.9ms)[0m  [1m[36mcommit transaction[0m
  ↳ app/controllers/mining_types_controller.rb:30
Redirected to http://localhost:3000/mining_types/4
Completed 302 Found in 29ms (ActiveRecord: 10.1ms)


Started GET "/mining_types/4" for ::1 at 2020-04-19 17:53:01 -0300
Processing by MiningTypesController#show as HTML
  Parameters: {"id"=>"4"}
  [1m[36mMiningType Load (0.3ms)[0m  [1m[34mSELECT  "mining_types".* FROM "mining_types" WHERE "mining_types"."id" = ? LIMIT ?[0m  [["id", 4], ["LIMIT", 1]]
  ↳ app/controllers/mining_types_controller.rb:67
  Rendering mining_types/show.html.erb within layouts/application
  Rendered mining_types/show.html.erb within layouts/application (5.7ms)
Completed 200 OK in 68ms (Views: 61.2ms | ActiveRecord: 0.3ms)


Started GET "/mining_types" for ::1 at 2020-04-19 17:53:05 -0300
Processing by MiningTypesController#index as HTML
  Rendering mining_types/index.html.erb within layouts/application
  [1m[35m (0.5ms)[0m  [1m[34mSELECT COUNT(*) FROM "mining_types"[0m
  ↳ app/views/mining_types/index.html.erb:3
  [1m[36mMiningType Load (0.3ms)[0m  [1m[34mSELECT "mining_types".* FROM "mining_types"[0m
  ↳ app/views/mining_types/index.html.erb:15
  Rendered mining_types/index.html.erb within layouts/application (12.6ms)
Completed 200 OK in 71ms (Views: 65.9ms | ActiveRecord: 0.8ms)


Started DELETE "/mining_types/4" for ::1 at 2020-04-19 17:53:08 -0300
Processing by MiningTypesController#destroy as HTML
  Parameters: {"authenticity_token"=>"FHPtZb0befc/cVaq6fwrpvMgyDK8DI3EoTCGEXwTIjLwvonVtRzybLrPvL9XF2voFmwFGILDjH+BMS7CevUQcw==", "id"=>"4"}
  [1m[36mMiningType Load (0.4ms)[0m  [1m[34mSELECT  "mining_types".* FROM "mining_types" WHERE "mining_types"."id" = ? LIMIT ?[0m  [["id", 4], ["LIMIT", 1]]
  ↳ app/controllers/mining_types_controller.rb:67
  [1m[35m (0.2ms)[0m  [1m[36mbegin transaction[0m
  ↳ app/controllers/mining_types_controller.rb:57
  [1m[36mMiningType Destroy (2.3ms)[0m  [1m[31mDELETE FROM "mining_types" WHERE "mining_types"."id" = ?[0m  [["id", 4]]
  ↳ app/controllers/mining_types_controller.rb:57
  [1m[35m (10.1ms)[0m  [1m[36mcommit transaction[0m
  ↳ app/controllers/mining_types_controller.rb:57
Redirected to http://localhost:3000/mining_types
Completed 302 Found in 23ms (ActiveRecord: 13.0ms)


Started GET "/mining_types" for ::1 at 2020-04-19 17:53:08 -0300
Processing by MiningTypesController#index as HTML
  Rendering mining_types/index.html.erb within layouts/application
  [1m[35m (0.1ms)[0m  [1m[34mSELECT COUNT(*) FROM "mining_types"[0m
  ↳ app/views/mining_types/index.html.erb:3
  [1m[36mMiningType Load (0.3ms)[0m  [1m[34mSELECT "mining_types".* FROM "mining_types"[0m
  ↳ app/views/mining_types/index.html.erb:15
  Rendered mining_types/index.html.erb within layouts/application (6.4ms)
Completed 200 OK in 47ms (Views: 44.7ms | ActiveRecord: 0.4ms)


Started DELETE "/mining_types/3" for ::1 at 2020-04-19 17:53:26 -0300
  [1m[35m (0.1ms)[0m  [1m[34mSELECT "schema_migrations"."version" FROM "schema_migrations" ORDER BY "schema_migrations"."version" ASC[0m
  ↳ /home/raphael/.rvm/gems/ruby-2.4.4/gems/activerecord-5.2.4.2/lib/active_record/log_subscriber.rb:98
Processing by MiningTypesController#destroy as HTML
  Parameters: {"authenticity_token"=>"b6GfjHqJ8dzGqYN2TM/KG5Ve5sWw/7suErjPq4mT3i+LbPs8co56R0MXaWPyJIpVcBIr744wupUyuWd4j3Xsbg==", "id"=>"3"}
  [1m[36mMiningType Load (0.2ms)[0m  [1m[34mSELECT  "mining_types".* FROM "mining_types" WHERE "mining_types"."id" = ? LIMIT ?[0m  [["id", 3], ["LIMIT", 1]]
  ↳ app/controllers/mining_types_controller.rb:67
  [1m[35m (0.1ms)[0m  [1m[36mbegin transaction[0m
  ↳ app/controllers/mining_types_controller.rb:57
  [1m[36mMiningType Destroy (0.2ms)[0m  [1m[31mDELETE FROM "mining_types" WHERE "mining_types"."id" = ?[0m  [["id", 3]]
  ↳ app/controllers/mining_types_controller.rb:57
  [1m[35m (10.8ms)[0m  [1m[36mcommit transaction[0m
  ↳ app/controllers/mining_types_controller.rb:57
Redirected to http://localhost:3000/mining_types
Completed 302 Found in 30ms (ActiveRecord: 11.7ms)


Started GET "/mining_types" for ::1 at 2020-04-19 17:53:26 -0300
Processing by MiningTypesController#index as HTML
  Rendering mining_types/index.html.erb within layouts/application
  [1m[35m (0.1ms)[0m  [1m[34mSELECT COUNT(*) FROM "mining_types"[0m
  ↳ app/views/mining_types/index.html.erb:3
  [1m[36mMiningType Load (0.1ms)[0m  [1m[34mSELECT "mining_types".* FROM "mining_types"[0m
  ↳ app/views/mining_types/index.html.erb:15
  Rendered mining_types/index.html.erb within layouts/application (33.8ms)
Completed 200 OK in 1028ms (Views: 1026.0ms | ActiveRecord: 0.3ms)


Started GET "/" for ::1 at 2020-04-19 17:53:30 -0300
Processing by WelcomeController#index as HTML
  Rendering welcome/index.html.erb within layouts/application
  Rendered welcome/_menu.html.erb (4.3ms)
  Rendered welcome/index.html.erb within layouts/application (6.1ms)
Completed 200 OK in 38ms (Views: 37.0ms | ActiveRecord: 0.0ms)


Started GET "/" for ::1 at 2020-04-19 17:53:30 -0300
Processing by WelcomeController#index as HTML
  Rendering welcome/index.html.erb within layouts/application
  Rendered welcome/_menu.html.erb (0.6ms)
  Rendered welcome/index.html.erb within layouts/application (1.5ms)
Completed 200 OK in 25ms (Views: 23.9ms | ActiveRecord: 0.0ms)


Started GET "/coins" for ::1 at 2020-04-19 17:53:31 -0300
Processing by CoinsController#index as HTML
  Rendering coins/index.html.erb within layouts/application
  [1m[35m (0.2ms)[0m  [1m[34mSELECT COUNT(*) FROM "coins"[0m
  ↳ app/views/coins/index.html.erb:3
  [1m[36mCoin Load (0.3ms)[0m  [1m[34mSELECT "coins".* FROM "coins"[0m
  ↳ app/views/coins/index.html.erb:15
  Rendered coins/index.html.erb within layouts/application (19.1ms)
Completed 200 OK in 69ms (Views: 61.2ms | ActiveRecord: 1.7ms)


Started GET "/coins" for ::1 at 2020-04-19 17:53:31 -0300
Processing by CoinsController#index as HTML
  Rendering coins/index.html.erb within layouts/application
  [1m[35m (0.2ms)[0m  [1m[34mSELECT COUNT(*) FROM "coins"[0m
  ↳ app/views/coins/index.html.erb:3
  [1m[36mCoin Load (0.2ms)[0m  [1m[34mSELECT "coins".* FROM "coins"[0m
  ↳ app/views/coins/index.html.erb:15
  Rendered coins/index.html.erb within layouts/application (7.2ms)
Completed 200 OK in 57ms (Views: 54.6ms | ActiveRecord: 0.4ms)


Started DELETE "/coins/4" for ::1 at 2020-04-19 17:53:35 -0300
Processing by CoinsController#destroy as HTML
  Parameters: {"authenticity_token"=>"qLOFyBLV2Z7JvTreGndOG2WUMT87mm+LWMZ7+qyeo/tMfuF4GtJSBUwD0MuknA5VgNj8FQVVbjB4x9MpqniRug==", "id"=>"4"}
  [1m[36mCoin Load (0.3ms)[0m  [1m[34mSELECT  "coins".* FROM "coins" WHERE "coins"."id" = ? LIMIT ?[0m  [["id", 4], ["LIMIT", 1]]
  ↳ app/controllers/coins_controller.rb:74
  [1m[35m (0.1ms)[0m  [1m[36mbegin transaction[0m
  ↳ app/controllers/coins_controller.rb:60
  [1m[36mCoin Destroy (0.3ms)[0m  [1m[31mDELETE FROM "coins" WHERE "coins"."id" = ?[0m  [["id", 4]]
  ↳ app/controllers/coins_controller.rb:60
  [1m[35m (15.7ms)[0m  [1m[36mcommit transaction[0m
  ↳ app/controllers/coins_controller.rb:60
Redirected to http://localhost:3000/coins
Completed 302 Found in 26ms (ActiveRecord: 16.3ms)


Started GET "/coins" for ::1 at 2020-04-19 17:53:35 -0300
Processing by CoinsController#index as HTML
  Rendering coins/index.html.erb within layouts/application
  [1m[35m (0.2ms)[0m  [1m[34mSELECT COUNT(*) FROM "coins"[0m
  ↳ app/views/coins/index.html.erb:3
  [1m[36mCoin Load (0.1ms)[0m  [1m[34mSELECT "coins".* FROM "coins"[0m
  ↳ app/views/coins/index.html.erb:15
  Rendered coins/index.html.erb within layouts/application (6.4ms)
Completed 200 OK in 47ms (Views: 43.5ms | ActiveRecord: 0.3ms)


Started GET "/" for ::1 at 2020-04-19 17:53:37 -0300
Processing by WelcomeController#index as HTML
  Rendering welcome/index.html.erb within layouts/application
  Rendered welcome/_menu.html.erb (1.0ms)
  Rendered welcome/index.html.erb within layouts/application (2.6ms)
Completed 200 OK in 37ms (Views: 36.2ms | ActiveRecord: 0.0ms)


Started GET "/" for ::1 at 2020-04-19 17:53:37 -0300
Processing by WelcomeController#index as HTML
  Rendering welcome/index.html.erb within layouts/application
  Rendered welcome/_menu.html.erb (0.7ms)
  Rendered welcome/index.html.erb within layouts/application (1.6ms)
Completed 200 OK in 27ms (Views: 26.1ms | ActiveRecord: 0.0ms)


  [1m[35m (0.1ms)[0m  [1m[34mSELECT "schema_migrations"."version" FROM "schema_migrations" ORDER BY "schema_migrations"."version" ASC[0m
  ↳ bin/rails:9
  [1m[35m (0.1ms)[0m  [1m[34mSELECT "ar_internal_metadata"."value" FROM "ar_internal_metadata" WHERE "ar_internal_metadata"."key" = ?[0m  [["key", "environment"]]
  ↳ bin/rails:9
  [1m[35m (0.0ms)[0m  [1m[34mSELECT "schema_migrations"."version" FROM "schema_migrations" ORDER BY "schema_migrations"."version" ASC[0m
  ↳ bin/rails:9
  [1m[35m (0.0ms)[0m  [1m[34mSELECT "ar_internal_metadata"."value" FROM "ar_internal_metadata" WHERE "ar_internal_metadata"."key" = ?[0m  [["key", "environment"]]
  ↳ bin/rails:9
  [1m[35m (0.0ms)[0m  [1m[34mSELECT "schema_migrations"."version" FROM "schema_migrations" ORDER BY "schema_migrations"."version" ASC[0m
  ↳ bin/rails:9
  [1m[35m (0.1ms)[0m  [1m[34mSELECT "ar_internal_metadata"."value" FROM "ar_internal_metadata" WHERE "ar_internal_metadata"."key" = ?[0m  [["key", "environment"]]
  ↳ bin/rails:9
  [1m[35m (0.1ms)[0m  [1m[34mSELECT sqlite_version(*)[0m
  ↳ bin/rails:9
  [1m[35m (16.9ms)[0m  [1m[35mCREATE TABLE "schema_migrations" ("version" varchar NOT NULL PRIMARY KEY)[0m
  ↳ bin/rails:9
  [1m[35m (12.2ms)[0m  [1m[35mCREATE TABLE "ar_internal_metadata" ("key" varchar NOT NULL PRIMARY KEY, "value" varchar, "created_at" datetime NOT NULL, "updated_at" datetime NOT NULL)[0m
  ↳ bin/rails:9
  [1m[35m (0.1ms)[0m  [1m[34mSELECT "schema_migrations"."version" FROM "schema_migrations" ORDER BY "schema_migrations"."version" ASC[0m
  ↳ bin/rails:9
Migrating to CreateCoins (20180715174524)
  [1m[35m (0.0ms)[0m  [1m[36mbegin transaction[0m
  ↳ bin/rails:9
  [1m[35m (0.4ms)[0m  [1m[35mCREATE TABLE "coins" ("id" integer PRIMARY KEY AUTOINCREMENT NOT NULL, "description" varchar, "acronym" varchar, "url_image" varchar, "created_at" datetime NOT NULL, "updated_at" datetime NOT NULL)[0m
  ↳ db/migrate/20180715174524_create_coins.rb:3
  [1m[36mActiveRecord::SchemaMigration Create (0.1ms)[0m  [1m[32mINSERT INTO "schema_migrations" ("version") VALUES (?)[0m  [["version", "20180715174524"]]
  ↳ bin/rails:9
  [1m[35m (13.6ms)[0m  [1m[36mcommit transaction[0m
  ↳ bin/rails:9
Migrating to CreateMiningTypes (20180822224158)
  [1m[35m (0.1ms)[0m  [1m[36mbegin transaction[0m
  ↳ bin/rails:9
  [1m[35m (0.8ms)[0m  [1m[35mCREATE TABLE "mining_types" ("id" integer PRIMARY KEY AUTOINCREMENT NOT NULL, "description" varchar, "acronym" varchar, "created_at" datetime NOT NULL, "updated_at" datetime NOT NULL)[0m
  ↳ db/migrate/20180822224158_create_mining_types.rb:3
  [1m[36mActiveRecord::SchemaMigration Create (0.4ms)[0m  [1m[32mINSERT INTO "schema_migrations" ("version") VALUES (?)[0m  [["version", "20180822224158"]]
  ↳ bin/rails:9
  [1m[35m (10.8ms)[0m  [1m[36mcommit transaction[0m
  ↳ bin/rails:9
Migrating to AddMiningTypeToCoins (20180824230643)
  [1m[35m (0.1ms)[0m  [1m[36mbegin transaction[0m
  ↳ bin/rails:9
  [1m[35m (0.7ms)[0m  [1m[35mALTER TABLE "coins" ADD "mining_type_id" integer[0m
  ↳ db/migrate/20180824230643_add_mining_type_to_coins.rb:3
  [1m[35m (0.3ms)[0m  [1m[35mCREATE  INDEX "index_coins_on_mining_type_id" ON "coins" ("mining_type_id")[0m
  ↳ db/migrate/20180824230643_add_mining_type_to_coins.rb:3
  [1m[36mActiveRecord::SchemaMigration Create (0.3ms)[0m  [1m[32mINSERT INTO "schema_migrations" ("version") VALUES (?)[0m  [["version", "20180824230643"]]
  ↳ bin/rails:9
  [1m[35m (14.2ms)[0m  [1m[36mcommit transaction[0m
  ↳ bin/rails:9
  [1m[36mActiveRecord::InternalMetadata Load (0.3ms)[0m  [1m[34mSELECT  "ar_internal_metadata".* FROM "ar_internal_metadata" WHERE "ar_internal_metadata"."key" = ? LIMIT ?[0m  [["key", "environment"], ["LIMIT", 1]]
  ↳ bin/rails:9
  [1m[35m (0.1ms)[0m  [1m[36mbegin transaction[0m
  ↳ bin/rails:9
  [1m[36mActiveRecord::InternalMetadata Create (0.6ms)[0m  [1m[32mINSERT INTO "ar_internal_metadata" ("key", "value", "created_at", "updated_at") VALUES (?, ?, ?, ?)[0m  [["key", "environment"], ["value", "development"], ["created_at", "2020-04-19 20:53:54.064860"], ["updated_at", "2020-04-19 20:53:54.064860"]]
  ↳ bin/rails:9
  [1m[35m (10.5ms)[0m  [1m[36mcommit transaction[0m
  ↳ bin/rails:9
  [1m[35m (0.2ms)[0m  [1m[34mSELECT "schema_migrations"."version" FROM "schema_migrations" ORDER BY "schema_migrations"."version" ASC[0m
  ↳ bin/rails:9
  [1m[36mMiningType Load (0.1ms)[0m  [1m[34mSELECT  "mining_types".* FROM "mining_types" WHERE "mining_types"."description" = ? AND "mining_types"."acronym" = ? LIMIT ?[0m  [["description", "Proof of Work"], ["acronym", "PoW"], ["LIMIT", 1]]
  ↳ lib/tasks/dev.rake:67
  [1m[35m (0.0ms)[0m  [1m[36mbegin transaction[0m
  ↳ lib/tasks/dev.rake:67
  [1m[36mMiningType Create (0.2ms)[0m  [1m[32mINSERT INTO "mining_types" ("description", "acronym", "created_at", "updated_at") VALUES (?, ?, ?, ?)[0m  [["description", "Proof of Work"], ["acronym", "PoW"], ["created_at", "2020-04-19 20:53:54.927167"], ["updated_at", "2020-04-19 20:53:54.927167"]]
  ↳ lib/tasks/dev.rake:67
  [1m[35m (11.3ms)[0m  [1m[36mcommit transaction[0m
  ↳ lib/tasks/dev.rake:67
  [1m[36mMiningType Load (0.1ms)[0m  [1m[34mSELECT  "mining_types".* FROM "mining_types" WHERE "mining_types"."description" = ? AND "mining_types"."acronym" = ? LIMIT ?[0m  [["description", "Proof of Stake"], ["acronym", "PoS"], ["LIMIT", 1]]
  ↳ lib/tasks/dev.rake:67
  [1m[35m (0.0ms)[0m  [1m[36mbegin transaction[0m
  ↳ lib/tasks/dev.rake:67
  [1m[36mMiningType Create (0.2ms)[0m  [1m[32mINSERT INTO "mining_types" ("description", "acronym", "created_at", "updated_at") VALUES (?, ?, ?, ?)[0m  [["description", "Proof of Stake"], ["acronym", "PoS"], ["created_at", "2020-04-19 20:53:54.942325"], ["updated_at", "2020-04-19 20:53:54.942325"]]
  ↳ lib/tasks/dev.rake:67
  [1m[35m (10.1ms)[0m  [1m[36mcommit transaction[0m
  ↳ lib/tasks/dev.rake:67
  [1m[36mMiningType Load (0.1ms)[0m  [1m[34mSELECT  "mining_types".* FROM "mining_types" WHERE "mining_types"."description" = ? AND "mining_types"."acronym" = ? LIMIT ?[0m  [["description", "Proof of Capacity"], ["acronym", "PoC"], ["LIMIT", 1]]
  ↳ lib/tasks/dev.rake:67
  [1m[35m (0.0ms)[0m  [1m[36mbegin transaction[0m
  ↳ lib/tasks/dev.rake:67
  [1m[36mMiningType Create (0.2ms)[0m  [1m[32mINSERT INTO "mining_types" ("description", "acronym", "created_at", "updated_at") VALUES (?, ?, ?, ?)[0m  [["description", "Proof of Capacity"], ["acronym", "PoC"], ["created_at", "2020-04-19 20:53:54.955278"], ["updated_at", "2020-04-19 20:53:54.955278"]]
  ↳ lib/tasks/dev.rake:67
  [1m[35m (10.3ms)[0m  [1m[36mcommit transaction[0m
  ↳ lib/tasks/dev.rake:67
  [1m[36mMiningType Load (0.1ms)[0m  [1m[34mSELECT  "mining_types".* FROM "mining_types" WHERE "mining_types"."acronym" = ? LIMIT ?[0m  [["acronym", "PoW"], ["LIMIT", 1]]
  ↳ lib/tasks/dev.rake:23
  [1m[36mMiningType Load (0.1ms)[0m  [1m[34mSELECT "mining_types".* FROM "mining_types"[0m
  ↳ lib/tasks/dev.rake:29
  [1m[36mMiningType Load (0.0ms)[0m  [1m[34mSELECT "mining_types".* FROM "mining_types"[0m
  ↳ lib/tasks/dev.rake:35
  [1m[36mMiningType Load (0.1ms)[0m  [1m[34mSELECT "mining_types".* FROM "mining_types"[0m
  ↳ lib/tasks/dev.rake:41
  [1m[36mMiningType Load (0.1ms)[0m  [1m[34mSELECT "mining_types".* FROM "mining_types"[0m
  ↳ lib/tasks/dev.rake:47
  [1m[36mCoin Load (0.1ms)[0m  [1m[34mSELECT  "coins".* FROM "coins" WHERE "coins"."description" = ? AND "coins"."acronym" = ? AND "coins"."url_image" = ? AND "coins"."mining_type_id" = ? LIMIT ?[0m  [["description", "Bitcoin"], ["acronym", "BTC"], ["url_image", "https://assets.chinatechnews.com/wp-content/uploads/bitcoin-logo.jpg"], ["mining_type_id", 1], ["LIMIT", 1]]
  ↳ lib/tasks/dev.rake:52
  [1m[35m (0.0ms)[0m  [1m[36mbegin transaction[0m
  ↳ lib/tasks/dev.rake:52
  [1m[36mCoin Create (0.2ms)[0m  [1m[32mINSERT INTO "coins" ("description", "acronym", "url_image", "created_at", "updated_at", "mining_type_id") VALUES (?, ?, ?, ?, ?, ?)[0m  [["description", "Bitcoin"], ["acronym", "BTC"], ["url_image", "https://assets.chinatechnews.com/wp-content/uploads/bitcoin-logo.jpg"], ["created_at", "2020-04-19 20:53:55.816181"], ["updated_at", "2020-04-19 20:53:55.816181"], ["mining_type_id", 1]]
  ↳ lib/tasks/dev.rake:52
  [1m[35m (8.0ms)[0m  [1m[36mcommit transaction[0m
  ↳ lib/tasks/dev.rake:52
  [1m[36mCoin Load (0.1ms)[0m  [1m[34mSELECT  "coins".* FROM "coins" WHERE "coins"."description" = ? AND "coins"."acronym" = ? AND "coins"."url_image" = ? AND "coins"."mining_type_id" = ? LIMIT ?[0m  [["description", "Ethereum"], ["acronym", "ETH"], ["url_image", "https://encrypted-tbn0.gstatic.com/images?q=tbn:ANd9GcQZCRfwkqpPvFb3QmmwGONG2i6PsgnqZ3L7dRzCNlaSTB1-ruu5"], ["mining_type_id", 2], ["LIMIT", 1]]
  ↳ lib/tasks/dev.rake:52
  [1m[35m (0.0ms)[0m  [1m[36mbegin transaction[0m
  ↳ lib/tasks/dev.rake:52
  [1m[36mCoin Create (0.2ms)[0m  [1m[32mINSERT INTO "coins" ("description", "acronym", "url_image", "created_at", "updated_at", "mining_type_id") VALUES (?, ?, ?, ?, ?, ?)[0m  [["description", "Ethereum"], ["acronym", "ETH"], ["url_image", "https://encrypted-tbn0.gstatic.com/images?q=tbn:ANd9GcQZCRfwkqpPvFb3QmmwGONG2i6PsgnqZ3L7dRzCNlaSTB1-ruu5"], ["created_at", "2020-04-19 20:53:55.828165"], ["updated_at", "2020-04-19 20:53:55.828165"], ["mining_type_id", 2]]
  ↳ lib/tasks/dev.rake:52
  [1m[35m (9.7ms)[0m  [1m[36mcommit transaction[0m
  ↳ lib/tasks/dev.rake:52
  [1m[36mCoin Load (0.2ms)[0m  [1m[34mSELECT  "coins".* FROM "coins" WHERE "coins"."description" = ? AND "coins"."acronym" = ? AND "coins"."url_image" = ? AND "coins"."mining_type_id" = ? LIMIT ?[0m  [["description", "Dash"], ["acronym", "DASH"], ["url_image", "https://ih1.redbubble.net/image.406055498.8711/ap,550x550,12x12,1,transparent,t.png"], ["mining_type_id", 1], ["LIMIT", 1]]
  ↳ lib/tasks/dev.rake:52
  [1m[35m (0.1ms)[0m  [1m[36mbegin transaction[0m
  ↳ lib/tasks/dev.rake:52
  [1m[36mCoin Create (0.4ms)[0m  [1m[32mINSERT INTO "coins" ("description", "acronym", "url_image", "created_at", "updated_at", "mining_type_id") VALUES (?, ?, ?, ?, ?, ?)[0m  [["description", "Dash"], ["acronym", "DASH"], ["url_image", "https://ih1.redbubble.net/image.406055498.8711/ap,550x550,12x12,1,transparent,t.png"], ["created_at", "2020-04-19 20:53:55.841681"], ["updated_at", "2020-04-19 20:53:55.841681"], ["mining_type_id", 1]]
  ↳ lib/tasks/dev.rake:52
  [1m[35m (10.4ms)[0m  [1m[36mcommit transaction[0m
  ↳ lib/tasks/dev.rake:52
  [1m[36mCoin Load (0.2ms)[0m  [1m[34mSELECT  "coins".* FROM "coins" WHERE "coins"."description" = ? AND "coins"."acronym" = ? AND "coins"."url_image" = ? AND "coins"."mining_type_id" = ? LIMIT ?[0m  [["description", "Iota"], ["acronym", "IOT"], ["url_image", "https://s2.coinmarketcap.com/static/img/coins/200x200/1720.png"], ["mining_type_id", 2], ["LIMIT", 1]]
  ↳ lib/tasks/dev.rake:52
  [1m[35m (0.1ms)[0m  [1m[36mbegin transaction[0m
  ↳ lib/tasks/dev.rake:52
  [1m[36mCoin Create (0.5ms)[0m  [1m[32mINSERT INTO "coins" ("description", "acronym", "url_image", "created_at", "updated_at", "mining_type_id") VALUES (?, ?, ?, ?, ?, ?)[0m  [["description", "Iota"], ["acronym", "IOT"], ["url_image", "https://s2.coinmarketcap.com/static/img/coins/200x200/1720.png"], ["created_at", "2020-04-19 20:53:55.857328"], ["updated_at", "2020-04-19 20:53:55.857328"], ["mining_type_id", 2]]
  ↳ lib/tasks/dev.rake:52
  [1m[35m (9.3ms)[0m  [1m[36mcommit transaction[0m
  ↳ lib/tasks/dev.rake:52
  [1m[36mCoin Load (0.2ms)[0m  [1m[34mSELECT  "coins".* FROM "coins" WHERE "coins"."description" = ? AND "coins"."acronym" = ? AND "coins"."url_image" = ? AND "coins"."mining_type_id" = ? LIMIT ?[0m  [["description", "ZCash"], ["acronym", "ZEC"], ["url_image", "https://www.cryptocompare.com/media/351360/zec.png"], ["mining_type_id", 3], ["LIMIT", 1]]
  ↳ lib/tasks/dev.rake:52
  [1m[35m (0.1ms)[0m  [1m[36mbegin transaction[0m
  ↳ lib/tasks/dev.rake:52
  [1m[36mCoin Create (0.4ms)[0m  [1m[32mINSERT INTO "coins" ("description", "acronym", "url_image", "created_at", "updated_at", "mining_type_id") VALUES (?, ?, ?, ?, ?, ?)[0m  [["description", "ZCash"], ["acronym", "ZEC"], ["url_image", "https://www.cryptocompare.com/media/351360/zec.png"], ["created_at", "2020-04-19 20:53:55.872171"], ["updated_at", "2020-04-19 20:53:55.872171"], ["mining_type_id", 3]]
  ↳ lib/tasks/dev.rake:52
  [1m[35m (12.1ms)[0m  [1m[36mcommit transaction[0m
  ↳ lib/tasks/dev.rake:52
Started GET "/" for ::1 at 2020-04-19 17:54:02 -0300
  [1m[35m (0.1ms)[0m  [1m[34mSELECT "schema_migrations"."version" FROM "schema_migrations" ORDER BY "schema_migrations"."version" ASC[0m
  ↳ /home/raphael/.rvm/gems/ruby-2.4.4/gems/activerecord-5.2.4.2/lib/active_record/log_subscriber.rb:98
Processing by WelcomeController#index as HTML
  Rendering welcome/index.html.erb within layouts/application
  Rendered welcome/_menu.html.erb (6.4ms)
  Rendered welcome/index.html.erb within layouts/application (38.7ms)
Started GET "/coins" for ::1 at 2020-04-19 17:54:04 -0300
Completed 200 OK in 1259ms (Views: 1254.2ms | ActiveRecord: 0.0ms)


Processing by CoinsController#index as HTML
  Rendering coins/index.html.erb within layouts/application
  [1m[35m (0.1ms)[0m  [1m[34mSELECT COUNT(*) FROM "coins"[0m
  ↳ app/views/coins/index.html.erb:3
  [1m[36mCoin Load (0.2ms)[0m  [1m[34mSELECT "coins".* FROM "coins"[0m
  ↳ app/views/coins/index.html.erb:15
  Rendered coins/index.html.erb within layouts/application (15.4ms)
Completed 200 OK in 52ms (Views: 48.9ms | ActiveRecord: 1.6ms)


Started GET "/coins" for ::1 at 2020-04-19 17:54:06 -0300
Processing by CoinsController#index as HTML
  Rendering coins/index.html.erb within layouts/application
  [1m[35m (0.6ms)[0m  [1m[34mSELECT COUNT(*) FROM "coins"[0m
  ↳ app/views/coins/index.html.erb:3
  [1m[36mCoin Load (0.3ms)[0m  [1m[34mSELECT "coins".* FROM "coins"[0m
  ↳ app/views/coins/index.html.erb:15
  Rendered coins/index.html.erb within layouts/application (15.5ms)
Completed 200 OK in 74ms (Views: 68.7ms | ActiveRecord: 0.8ms)


Started GET "/coins" for ::1 at 2020-04-19 17:54:06 -0300
Processing by CoinsController#index as HTML
  Rendering coins/index.html.erb within layouts/application
  [1m[35m (0.2ms)[0m  [1m[34mSELECT COUNT(*) FROM "coins"[0m
  ↳ app/views/coins/index.html.erb:3
  [1m[36mCoin Load (0.1ms)[0m  [1m[34mSELECT "coins".* FROM "coins"[0m
  ↳ app/views/coins/index.html.erb:15
  Rendered coins/index.html.erb within layouts/application (6.3ms)
Completed 200 OK in 38ms (Views: 36.2ms | ActiveRecord: 0.3ms)


Started GET "/" for ::1 at 2020-04-19 17:54:09 -0300
Processing by WelcomeController#index as HTML
  Rendering welcome/index.html.erb within layouts/application
  Rendered welcome/_menu.html.erb (1.7ms)
  Rendered welcome/index.html.erb within layouts/application (4.3ms)
Completed 200 OK in 45ms (Views: 42.8ms | ActiveRecord: 0.0ms)


Started GET "/" for ::1 at 2020-04-19 17:54:09 -0300
Processing by WelcomeController#index as HTML
  Rendering welcome/index.html.erb within layouts/application
  Rendered welcome/_menu.html.erb (0.8ms)
  Rendered welcome/index.html.erb within layouts/application (2.3ms)
Completed 200 OK in 30ms (Views: 29.1ms | ActiveRecord: 0.0ms)


Started GET "/mining_types" for ::1 at 2020-04-19 17:54:10 -0300
Processing by MiningTypesController#index as HTML
  Rendering mining_types/index.html.erb within layouts/application
  [1m[35m (0.6ms)[0m  [1m[34mSELECT COUNT(*) FROM "mining_types"[0m
  ↳ app/views/mining_types/index.html.erb:3
  [1m[36mMiningType Load (0.2ms)[0m  [1m[34mSELECT "mining_types".* FROM "mining_types"[0m
  ↳ app/views/mining_types/index.html.erb:15
  Rendered mining_types/index.html.erb within layouts/application (14.2ms)
Completed 200 OK in 68ms (Views: 62.2ms | ActiveRecord: 1.6ms)


Started GET "/mining_types" for ::1 at 2020-04-19 17:54:10 -0300
Processing by MiningTypesController#index as HTML
  Rendering mining_types/index.html.erb within layouts/application
  [1m[35m (0.2ms)[0m  [1m[34mSELECT COUNT(*) FROM "mining_types"[0m
  ↳ app/views/mining_types/index.html.erb:3
  [1m[36mMiningType Load (0.2ms)[0m  [1m[34mSELECT "mining_types".* FROM "mining_types"[0m
  ↳ app/views/mining_types/index.html.erb:15
  Rendered mining_types/index.html.erb within layouts/application (5.4ms)
Completed 200 OK in 40ms (Views: 38.5ms | ActiveRecord: 0.4ms)


Started GET "/" for ::1 at 2020-04-19 17:54:11 -0300
Processing by WelcomeController#index as HTML
  Rendering welcome/index.html.erb within layouts/application
  Rendered welcome/_menu.html.erb (1.1ms)
  Rendered welcome/index.html.erb within layouts/application (3.2ms)
Completed 200 OK in 40ms (Views: 38.0ms | ActiveRecord: 0.0ms)


Started GET "/" for ::1 at 2020-04-19 17:54:11 -0300
Processing by WelcomeController#index as HTML
  Rendering welcome/index.html.erb within layouts/application
  Rendered welcome/_menu.html.erb (0.7ms)
  Rendered welcome/index.html.erb within layouts/application (2.0ms)
Completed 200 OK in 27ms (Views: 25.8ms | ActiveRecord: 0.0ms)


Started GET "/?locale=en" for ::1 at 2020-04-19 17:54:12 -0300
Processing by WelcomeController#index as HTML
  Parameters: {"locale"=>"en"}
  Rendering welcome/index.html.erb within layouts/application
  Rendered welcome/_menu.html.erb (2.7ms)
  Rendered welcome/index.html.erb within layouts/application (7.2ms)
Completed 200 OK in 54ms (Views: 49.3ms | ActiveRecord: 0.0ms)


Started GET "/mining_types" for ::1 at 2020-04-19 17:54:13 -0300
Processing by MiningTypesController#index as HTML
  Rendering mining_types/index.html.erb within layouts/application
  [1m[35m (0.3ms)[0m  [1m[34mSELECT COUNT(*) FROM "mining_types"[0m
  ↳ app/views/mining_types/index.html.erb:3
  [1m[36mMiningType Load (0.2ms)[0m  [1m[34mSELECT "mining_types".* FROM "mining_types"[0m
  ↳ app/views/mining_types/index.html.erb:15
  Rendered mining_types/index.html.erb within layouts/application (9.1ms)
Completed 200 OK in 70ms (Views: 65.1ms | ActiveRecord: 0.5ms)


Started GET "/mining_types" for ::1 at 2020-04-19 17:54:14 -0300
Processing by MiningTypesController#index as HTML
  Rendering mining_types/index.html.erb within layouts/application
  [1m[35m (0.1ms)[0m  [1m[34mSELECT COUNT(*) FROM "mining_types"[0m
  ↳ app/views/mining_types/index.html.erb:3
  [1m[36mMiningType Load (0.2ms)[0m  [1m[34mSELECT "mining_types".* FROM "mining_types"[0m
  ↳ app/views/mining_types/index.html.erb:15
  Rendered mining_types/index.html.erb within layouts/application (5.6ms)
Completed 200 OK in 41ms (Views: 38.7ms | ActiveRecord: 0.4ms)


Started GET "/" for ::1 at 2020-04-19 17:54:15 -0300
Processing by WelcomeController#index as HTML
  Rendering welcome/index.html.erb within layouts/application
  Rendered welcome/_menu.html.erb (3.3ms)
  Rendered welcome/index.html.erb within layouts/application (9.4ms)
Completed 200 OK in 59ms (Views: 54.8ms | ActiveRecord: 0.0ms)


Started GET "/" for ::1 at 2020-04-19 17:54:15 -0300
Processing by WelcomeController#index as HTML
  Rendering welcome/index.html.erb within layouts/application
  Rendered welcome/_menu.html.erb (0.6ms)
  Rendered welcome/index.html.erb within layouts/application (1.7ms)
Completed 200 OK in 28ms (Views: 27.1ms | ActiveRecord: 0.0ms)


Started GET "/coins" for ::1 at 2020-04-19 17:54:16 -0300
Processing by CoinsController#index as HTML
  Rendering coins/index.html.erb within layouts/application
  [1m[35m (0.5ms)[0m  [1m[34mSELECT COUNT(*) FROM "coins"[0m
  ↳ app/views/coins/index.html.erb:3
  [1m[36mCoin Load (0.2ms)[0m  [1m[34mSELECT "coins".* FROM "coins"[0m
  ↳ app/views/coins/index.html.erb:15
  Rendered coins/index.html.erb within layouts/application (13.4ms)
Completed 200 OK in 62ms (Views: 56.9ms | ActiveRecord: 0.7ms)


Started GET "/coins" for ::1 at 2020-04-19 17:54:16 -0300
Processing by CoinsController#index as HTML
  Rendering coins/index.html.erb within layouts/application
  [1m[35m (0.2ms)[0m  [1m[34mSELECT COUNT(*) FROM "coins"[0m
  ↳ app/views/coins/index.html.erb:3
  [1m[36mCoin Load (0.1ms)[0m  [1m[34mSELECT "coins".* FROM "coins"[0m
  ↳ app/views/coins/index.html.erb:15
  Rendered coins/index.html.erb within layouts/application (7.4ms)
Completed 200 OK in 58ms (Views: 55.8ms | ActiveRecord: 0.4ms)


Started GET "/" for ::1 at 2020-04-19 17:54:18 -0300
Processing by WelcomeController#index as HTML
  Rendering welcome/index.html.erb within layouts/application
  Rendered welcome/_menu.html.erb (2.4ms)
  Rendered welcome/index.html.erb within layouts/application (7.6ms)
Completed 200 OK in 55ms (Views: 51.2ms | ActiveRecord: 0.0ms)


Started GET "/" for ::1 at 2020-04-19 17:54:18 -0300
Processing by WelcomeController#index as HTML
  Rendering welcome/index.html.erb within layouts/application
  Rendered welcome/_menu.html.erb (1.2ms)
  Rendered welcome/index.html.erb within layouts/application (3.3ms)
Completed 200 OK in 34ms (Views: 32.8ms | ActiveRecord: 0.0ms)


Started GET "/" for ::1 at 2020-04-19 17:56:36 -0300
  [1m[35m (0.1ms)[0m  [1m[34mSELECT "schema_migrations"."version" FROM "schema_migrations" ORDER BY "schema_migrations"."version" ASC[0m
  ↳ /home/raphael/.rvm/gems/ruby-2.4.4/gems/activerecord-5.2.4.2/lib/active_record/log_subscriber.rb:98
  
ActiveRecord::PendingMigrationError (

Migrations are pending. To resolve this issue, run:

        bin/rails db:migrate RAILS_ENV=development

):
  
activerecord (5.2.4.2) lib/active_record/migration.rb:579:in `check_pending!'
activerecord (5.2.4.2) lib/active_record/migration.rb:556:in `call'
actionpack (5.2.4.2) lib/action_dispatch/middleware/callbacks.rb:28:in `block in call'
activesupport (5.2.4.2) lib/active_support/callbacks.rb:98:in `run_callbacks'
actionpack (5.2.4.2) lib/action_dispatch/middleware/callbacks.rb:26:in `call'
actionpack (5.2.4.2) lib/action_dispatch/middleware/executor.rb:14:in `call'
actionpack (5.2.4.2) lib/action_dispatch/middleware/debug_exceptions.rb:61:in `call'
web-console (3.7.0) lib/web_console/middleware.rb:135:in `call_app'
web-console (3.7.0) lib/web_console/middleware.rb:30:in `block in call'
web-console (3.7.0) lib/web_console/middleware.rb:20:in `catch'
web-console (3.7.0) lib/web_console/middleware.rb:20:in `call'
actionpack (5.2.4.2) lib/action_dispatch/middleware/show_exceptions.rb:33:in `call'
railties (5.2.4.2) lib/rails/rack/logger.rb:38:in `call_app'
railties (5.2.4.2) lib/rails/rack/logger.rb:26:in `block in call'
activesupport (5.2.4.2) lib/active_support/tagged_logging.rb:71:in `block in tagged'
activesupport (5.2.4.2) lib/active_support/tagged_logging.rb:28:in `tagged'
activesupport (5.2.4.2) lib/active_support/tagged_logging.rb:71:in `tagged'
railties (5.2.4.2) lib/rails/rack/logger.rb:26:in `call'
sprockets-rails (3.2.1) lib/sprockets/rails/quiet_assets.rb:13:in `call'
actionpack (5.2.4.2) lib/action_dispatch/middleware/remote_ip.rb:81:in `call'
actionpack (5.2.4.2) lib/action_dispatch/middleware/request_id.rb:27:in `call'
rack (2.2.2) lib/rack/method_override.rb:24:in `call'
rack (2.2.2) lib/rack/runtime.rb:22:in `call'
activesupport (5.2.4.2) lib/active_support/cache/strategy/local_cache_middleware.rb:29:in `call'
actionpack (5.2.4.2) lib/action_dispatch/middleware/executor.rb:14:in `call'
actionpack (5.2.4.2) lib/action_dispatch/middleware/static.rb:127:in `call'
rack (2.2.2) lib/rack/sendfile.rb:110:in `call'
webpacker (5.1.0) lib/webpacker/dev_server_proxy.rb:25:in `perform_request'
rack-proxy (0.6.5) lib/rack/proxy.rb:57:in `call'
railties (5.2.4.2) lib/rails/engine.rb:524:in `call'
puma (3.12.4) lib/puma/configuration.rb:227:in `call'
puma (3.12.4) lib/puma/server.rb:675:in `handle_request'
puma (3.12.4) lib/puma/server.rb:476:in `process_client'
puma (3.12.4) lib/puma/server.rb:334:in `block in run'
puma (3.12.4) lib/puma/thread_pool.rb:135:in `block in spawn_thread'
  [1m[35m (0.1ms)[0m  [1m[34mSELECT "schema_migrations"."version" FROM "schema_migrations" ORDER BY "schema_migrations"."version" ASC[0m
  ↳ bin/rails:9
  [1m[35m (0.1ms)[0m  [1m[34mSELECT "ar_internal_metadata"."value" FROM "ar_internal_metadata" WHERE "ar_internal_metadata"."key" = ?[0m  [["key", "environment"]]
  ↳ bin/rails:9
  [1m[35m (0.1ms)[0m  [1m[34mSELECT "schema_migrations"."version" FROM "schema_migrations" ORDER BY "schema_migrations"."version" ASC[0m
  ↳ bin/rails:9
  [1m[35m (0.0ms)[0m  [1m[34mSELECT "ar_internal_metadata"."value" FROM "ar_internal_metadata" WHERE "ar_internal_metadata"."key" = ?[0m  [["key", "environment"]]
  ↳ bin/rails:9
  [1m[35m (0.1ms)[0m  [1m[34mSELECT "schema_migrations"."version" FROM "schema_migrations" ORDER BY "schema_migrations"."version" ASC[0m
  ↳ bin/rails:9
  [1m[35m (0.1ms)[0m  [1m[34mSELECT "ar_internal_metadata"."value" FROM "ar_internal_metadata" WHERE "ar_internal_metadata"."key" = ?[0m  [["key", "environment"]]
  ↳ bin/rails:9
  [1m[35m (0.1ms)[0m  [1m[34mSELECT sqlite_version(*)[0m
  ↳ bin/rails:9
  [1m[35m (13.3ms)[0m  [1m[35mCREATE TABLE "schema_migrations" ("version" varchar NOT NULL PRIMARY KEY)[0m
  ↳ bin/rails:9
  [1m[35m (10.3ms)[0m  [1m[35mCREATE TABLE "ar_internal_metadata" ("key" varchar NOT NULL PRIMARY KEY, "value" varchar, "created_at" datetime NOT NULL, "updated_at" datetime NOT NULL)[0m
  ↳ bin/rails:9
  [1m[35m (0.1ms)[0m  [1m[34mSELECT "schema_migrations"."version" FROM "schema_migrations" ORDER BY "schema_migrations"."version" ASC[0m
  ↳ bin/rails:9
Migrating to CreateCoins (20200319153944)
  [1m[35m (0.0ms)[0m  [1m[36mbegin transaction[0m
  ↳ bin/rails:9
  [1m[35m (0.4ms)[0m  [1m[35mCREATE TABLE "coins" ("id" integer PRIMARY KEY AUTOINCREMENT NOT NULL, "description" varchar, "acronym" varchar, "url_image" varchar, "created_at" datetime NOT NULL, "updated_at" datetime NOT NULL)[0m
  ↳ db/migrate/20200319153944_create_coins.rb:3
  [1m[36mActiveRecord::SchemaMigration Create (0.1ms)[0m  [1m[32mINSERT INTO "schema_migrations" ("version") VALUES (?)[0m  [["version", "20200319153944"]]
  ↳ bin/rails:9
  [1m[35m (14.4ms)[0m  [1m[36mcommit transaction[0m
  ↳ bin/rails:9
Migrating to CreateMiningTypes (20200414111914)
  [1m[35m (0.1ms)[0m  [1m[36mbegin transaction[0m
  ↳ bin/rails:9
  [1m[35m (0.7ms)[0m  [1m[35mCREATE TABLE "mining_types" ("id" integer PRIMARY KEY AUTOINCREMENT NOT NULL, "description" varchar, "acronym" varchar, "created_at" datetime NOT NULL, "updated_at" datetime NOT NULL)[0m
  ↳ db/migrate/20200414111914_create_mining_types.rb:3
  [1m[36mActiveRecord::SchemaMigration Create (0.4ms)[0m  [1m[32mINSERT INTO "schema_migrations" ("version") VALUES (?)[0m  [["version", "20200414111914"]]
  ↳ bin/rails:9
  [1m[35m (11.4ms)[0m  [1m[36mcommit transaction[0m
  ↳ bin/rails:9
Migrating to AddMiningTypeToCoins (20200415113505)
  [1m[35m (0.1ms)[0m  [1m[36mbegin transaction[0m
  ↳ bin/rails:9
  [1m[35m (0.6ms)[0m  [1m[35mALTER TABLE "coins" ADD "mining_type_id" integer[0m
  ↳ db/migrate/20200415113505_add_mining_type_to_coins.rb:3
  [1m[35m (0.2ms)[0m  [1m[35mCREATE  INDEX "index_coins_on_mining_type_id" ON "coins" ("mining_type_id")[0m
  ↳ db/migrate/20200415113505_add_mining_type_to_coins.rb:3
  [1m[36mActiveRecord::SchemaMigration Create (0.2ms)[0m  [1m[32mINSERT INTO "schema_migrations" ("version") VALUES (?)[0m  [["version", "20200415113505"]]
  ↳ bin/rails:9
  [1m[35m (13.6ms)[0m  [1m[36mcommit transaction[0m
  ↳ bin/rails:9
  [1m[36mActiveRecord::InternalMetadata Load (0.2ms)[0m  [1m[34mSELECT  "ar_internal_metadata".* FROM "ar_internal_metadata" WHERE "ar_internal_metadata"."key" = ? LIMIT ?[0m  [["key", "environment"], ["LIMIT", 1]]
  ↳ bin/rails:9
  [1m[35m (0.1ms)[0m  [1m[36mbegin transaction[0m
  ↳ bin/rails:9
  [1m[36mActiveRecord::InternalMetadata Create (0.3ms)[0m  [1m[32mINSERT INTO "ar_internal_metadata" ("key", "value", "created_at", "updated_at") VALUES (?, ?, ?, ?)[0m  [["key", "environment"], ["value", "development"], ["created_at", "2020-04-19 20:56:51.134640"], ["updated_at", "2020-04-19 20:56:51.134640"]]
  ↳ bin/rails:9
  [1m[35m (10.5ms)[0m  [1m[36mcommit transaction[0m
  ↳ bin/rails:9
  [1m[35m (0.1ms)[0m  [1m[34mSELECT "schema_migrations"."version" FROM "schema_migrations" ORDER BY "schema_migrations"."version" ASC[0m
  ↳ bin/rails:9
  [1m[36mMiningType Load (0.1ms)[0m  [1m[34mSELECT  "mining_types".* FROM "mining_types" WHERE "mining_types"."description" = ? AND "mining_types"."acronym" = ? LIMIT ?[0m  [["description", "Proof of Work"], ["acronym", "PoW"], ["LIMIT", 1]]
  ↳ lib/tasks/dev.rake:67
  [1m[35m (0.0ms)[0m  [1m[36mbegin transaction[0m
  ↳ lib/tasks/dev.rake:67
  [1m[36mMiningType Create (0.2ms)[0m  [1m[32mINSERT INTO "mining_types" ("description", "acronym", "created_at", "updated_at") VALUES (?, ?, ?, ?)[0m  [["description", "Proof of Work"], ["acronym", "PoW"], ["created_at", "2020-04-19 20:56:51.971466"], ["updated_at", "2020-04-19 20:56:51.971466"]]
  ↳ lib/tasks/dev.rake:67
  [1m[35m (7.8ms)[0m  [1m[36mcommit transaction[0m
  ↳ lib/tasks/dev.rake:67
  [1m[36mMiningType Load (0.1ms)[0m  [1m[34mSELECT  "mining_types".* FROM "mining_types" WHERE "mining_types"."description" = ? AND "mining_types"."acronym" = ? LIMIT ?[0m  [["description", "Proof of Stake"], ["acronym", "PoS"], ["LIMIT", 1]]
  ↳ lib/tasks/dev.rake:67
  [1m[35m (0.0ms)[0m  [1m[36mbegin transaction[0m
  ↳ lib/tasks/dev.rake:67
  [1m[36mMiningType Create (0.2ms)[0m  [1m[32mINSERT INTO "mining_types" ("description", "acronym", "created_at", "updated_at") VALUES (?, ?, ?, ?)[0m  [["description", "Proof of Stake"], ["acronym", "PoS"], ["created_at", "2020-04-19 20:56:51.982954"], ["updated_at", "2020-04-19 20:56:51.982954"]]
  ↳ lib/tasks/dev.rake:67
  [1m[35m (11.4ms)[0m  [1m[36mcommit transaction[0m
  ↳ lib/tasks/dev.rake:67
  [1m[36mMiningType Load (0.1ms)[0m  [1m[34mSELECT  "mining_types".* FROM "mining_types" WHERE "mining_types"."description" = ? AND "mining_types"."acronym" = ? LIMIT ?[0m  [["description", "Proof of Capacity"], ["acronym", "PoC"], ["LIMIT", 1]]
  ↳ lib/tasks/dev.rake:67
  [1m[35m (0.1ms)[0m  [1m[36mbegin transaction[0m
  ↳ lib/tasks/dev.rake:67
  [1m[36mMiningType Create (0.2ms)[0m  [1m[32mINSERT INTO "mining_types" ("description", "acronym", "created_at", "updated_at") VALUES (?, ?, ?, ?)[0m  [["description", "Proof of Capacity"], ["acronym", "PoC"], ["created_at", "2020-04-19 20:56:51.998161"], ["updated_at", "2020-04-19 20:56:51.998161"]]
  ↳ lib/tasks/dev.rake:67
  [1m[35m (9.5ms)[0m  [1m[36mcommit transaction[0m
  ↳ lib/tasks/dev.rake:67
  [1m[36mMiningType Load (0.1ms)[0m  [1m[34mSELECT  "mining_types".* FROM "mining_types" WHERE "mining_types"."acronym" = ? LIMIT ?[0m  [["acronym", "PoW"], ["LIMIT", 1]]
  ↳ lib/tasks/dev.rake:23
  [1m[36mMiningType Load (0.1ms)[0m  [1m[34mSELECT "mining_types".* FROM "mining_types"[0m
  ↳ lib/tasks/dev.rake:29
  [1m[36mMiningType Load (0.0ms)[0m  [1m[34mSELECT "mining_types".* FROM "mining_types"[0m
  ↳ lib/tasks/dev.rake:35
  [1m[36mMiningType Load (0.1ms)[0m  [1m[34mSELECT "mining_types".* FROM "mining_types"[0m
  ↳ lib/tasks/dev.rake:41
  [1m[36mMiningType Load (0.1ms)[0m  [1m[34mSELECT "mining_types".* FROM "mining_types"[0m
  ↳ lib/tasks/dev.rake:47
  [1m[36mCoin Load (0.1ms)[0m  [1m[34mSELECT  "coins".* FROM "coins" WHERE "coins"."description" = ? AND "coins"."acronym" = ? AND "coins"."url_image" = ? AND "coins"."mining_type_id" = ? LIMIT ?[0m  [["description", "Bitcoin"], ["acronym", "BTC"], ["url_image", "https://assets.chinatechnews.com/wp-content/uploads/bitcoin-logo.jpg"], ["mining_type_id", 1], ["LIMIT", 1]]
  ↳ lib/tasks/dev.rake:52
  [1m[35m (0.0ms)[0m  [1m[36mbegin transaction[0m
  ↳ lib/tasks/dev.rake:52
  [1m[36mCoin Create (0.2ms)[0m  [1m[32mINSERT INTO "coins" ("description", "acronym", "url_image", "created_at", "updated_at", "mining_type_id") VALUES (?, ?, ?, ?, ?, ?)[0m  [["description", "Bitcoin"], ["acronym", "BTC"], ["url_image", "https://assets.chinatechnews.com/wp-content/uploads/bitcoin-logo.jpg"], ["created_at", "2020-04-19 20:56:52.837344"], ["updated_at", "2020-04-19 20:56:52.837344"], ["mining_type_id", 1]]
  ↳ lib/tasks/dev.rake:52
  [1m[35m (14.1ms)[0m  [1m[36mcommit transaction[0m
  ↳ lib/tasks/dev.rake:52
  [1m[36mCoin Load (0.1ms)[0m  [1m[34mSELECT  "coins".* FROM "coins" WHERE "coins"."description" = ? AND "coins"."acronym" = ? AND "coins"."url_image" = ? AND "coins"."mining_type_id" = ? LIMIT ?[0m  [["description", "Ethereum"], ["acronym", "ETH"], ["url_image", "https://encrypted-tbn0.gstatic.com/images?q=tbn:ANd9GcQZCRfwkqpPvFb3QmmwGONG2i6PsgnqZ3L7dRzCNlaSTB1-ruu5"], ["mining_type_id", 2], ["LIMIT", 1]]
  ↳ lib/tasks/dev.rake:52
  [1m[35m (0.1ms)[0m  [1m[36mbegin transaction[0m
  ↳ lib/tasks/dev.rake:52
  [1m[36mCoin Create (0.3ms)[0m  [1m[32mINSERT INTO "coins" ("description", "acronym", "url_image", "created_at", "updated_at", "mining_type_id") VALUES (?, ?, ?, ?, ?, ?)[0m  [["description", "Ethereum"], ["acronym", "ETH"], ["url_image", "https://encrypted-tbn0.gstatic.com/images?q=tbn:ANd9GcQZCRfwkqpPvFb3QmmwGONG2i6PsgnqZ3L7dRzCNlaSTB1-ruu5"], ["created_at", "2020-04-19 20:56:52.855432"], ["updated_at", "2020-04-19 20:56:52.855432"], ["mining_type_id", 2]]
  ↳ lib/tasks/dev.rake:52
  [1m[35m (10.7ms)[0m  [1m[36mcommit transaction[0m
  ↳ lib/tasks/dev.rake:52
  [1m[36mCoin Load (0.2ms)[0m  [1m[34mSELECT  "coins".* FROM "coins" WHERE "coins"."description" = ? AND "coins"."acronym" = ? AND "coins"."url_image" = ? AND "coins"."mining_type_id" = ? LIMIT ?[0m  [["description", "Dash"], ["acronym", "DASH"], ["url_image", "https://ih1.redbubble.net/image.406055498.8711/ap,550x550,12x12,1,transparent,t.png"], ["mining_type_id", 2], ["LIMIT", 1]]
  ↳ lib/tasks/dev.rake:52
  [1m[35m (0.1ms)[0m  [1m[36mbegin transaction[0m
  ↳ lib/tasks/dev.rake:52
  [1m[36mCoin Create (0.3ms)[0m  [1m[32mINSERT INTO "coins" ("description", "acronym", "url_image", "created_at", "updated_at", "mining_type_id") VALUES (?, ?, ?, ?, ?, ?)[0m  [["description", "Dash"], ["acronym", "DASH"], ["url_image", "https://ih1.redbubble.net/image.406055498.8711/ap,550x550,12x12,1,transparent,t.png"], ["created_at", "2020-04-19 20:56:52.870788"], ["updated_at", "2020-04-19 20:56:52.870788"], ["mining_type_id", 2]]
  ↳ lib/tasks/dev.rake:52
  [1m[35m (9.2ms)[0m  [1m[36mcommit transaction[0m
  ↳ lib/tasks/dev.rake:52
  [1m[36mCoin Load (0.3ms)[0m  [1m[34mSELECT  "coins".* FROM "coins" WHERE "coins"."description" = ? AND "coins"."acronym" = ? AND "coins"."url_image" = ? AND "coins"."mining_type_id" = ? LIMIT ?[0m  [["description", "Iota"], ["acronym", "IOT"], ["url_image", "https://s2.coinmarketcap.com/static/img/coins/200x200/1720.png"], ["mining_type_id", 2], ["LIMIT", 1]]
  ↳ lib/tasks/dev.rake:52
  [1m[35m (0.1ms)[0m  [1m[36mbegin transaction[0m
  ↳ lib/tasks/dev.rake:52
  [1m[36mCoin Create (0.7ms)[0m  [1m[32mINSERT INTO "coins" ("description", "acronym", "url_image", "created_at", "updated_at", "mining_type_id") VALUES (?, ?, ?, ?, ?, ?)[0m  [["description", "Iota"], ["acronym", "IOT"], ["url_image", "https://s2.coinmarketcap.com/static/img/coins/200x200/1720.png"], ["created_at", "2020-04-19 20:56:52.887974"], ["updated_at", "2020-04-19 20:56:52.887974"], ["mining_type_id", 2]]
  ↳ lib/tasks/dev.rake:52
  [1m[35m (12.4ms)[0m  [1m[36mcommit transaction[0m
  ↳ lib/tasks/dev.rake:52
  [1m[36mCoin Load (0.3ms)[0m  [1m[34mSELECT  "coins".* FROM "coins" WHERE "coins"."description" = ? AND "coins"."acronym" = ? AND "coins"."url_image" = ? AND "coins"."mining_type_id" = ? LIMIT ?[0m  [["description", "ZCash"], ["acronym", "ZEC"], ["url_image", "https://www.cryptocompare.com/media/351360/zec.png"], ["mining_type_id", 2], ["LIMIT", 1]]
  ↳ lib/tasks/dev.rake:52
  [1m[35m (0.1ms)[0m  [1m[36mbegin transaction[0m
  ↳ lib/tasks/dev.rake:52
  [1m[36mCoin Create (0.4ms)[0m  [1m[32mINSERT INTO "coins" ("description", "acronym", "url_image", "created_at", "updated_at", "mining_type_id") VALUES (?, ?, ?, ?, ?, ?)[0m  [["description", "ZCash"], ["acronym", "ZEC"], ["url_image", "https://www.cryptocompare.com/media/351360/zec.png"], ["created_at", "2020-04-19 20:56:52.910964"], ["updated_at", "2020-04-19 20:56:52.910964"], ["mining_type_id", 2]]
  ↳ lib/tasks/dev.rake:52
  [1m[35m (11.3ms)[0m  [1m[36mcommit transaction[0m
  ↳ lib/tasks/dev.rake:52
Started GET "/" for ::1 at 2020-04-19 17:56:57 -0300
  [1m[35m (0.2ms)[0m  [1m[34mSELECT "schema_migrations"."version" FROM "schema_migrations" ORDER BY "schema_migrations"."version" ASC[0m
  ↳ /home/raphael/.rvm/gems/ruby-2.4.4/gems/activerecord-5.2.4.2/lib/active_record/log_subscriber.rb:98
Processing by WelcomeController#index as HTML
  Rendering welcome/index.html.erb within layouts/application
  Rendered welcome/_menu.html.erb (6.7ms)
  Rendered welcome/index.html.erb within layouts/application (37.9ms)
Completed 200 OK in 1162ms (Views: 1157.2ms | ActiveRecord: 0.0ms)


Started GET "/" for ::1 at 2020-04-19 17:59:01 -0300
  [1m[35m (0.1ms)[0m  [1m[34mSELECT "schema_migrations"."version" FROM "schema_migrations" ORDER BY "schema_migrations"."version" ASC[0m
  ↳ /home/raphael/.rvm/gems/ruby-2.4.4/gems/activerecord-5.2.4.2/lib/active_record/log_subscriber.rb:98
Processing by WelcomeController#index as HTML
  Rendering welcome/index.html.erb within layouts/application
  Rendered welcome/_menu.html.erb (6.3ms)
  Rendered welcome/index.html.erb within layouts/application (42.9ms)
Completed 200 OK in 1456ms (Views: 1450.4ms | ActiveRecord: 0.0ms)


